2018-03-25 16:22:39 DEBUG cic.cs.unb.ca.jnetpcap.worker.FetchCompleteFlow    fetch thead:29 name--pool-1-thread-1
2018-03-25 16:22:59 DEBUG cic.cs.unb.ca.jnetpcap.worker.FetchCompleteFlow    fetch thead:29 name--pool-1-thread-1
2018-03-25 16:23:19 DEBUG cic.cs.unb.ca.jnetpcap.worker.FetchCompleteFlow    fetch thead:29 name--pool-1-thread-1
2018-03-25 16:24:50 INFO  cic.cs.unb.ca.jnetpcap.worker.TrafficFlowWorker    open device fail: any: You don't have permission to capture on that device (socket: Operation not permitted)
2018-03-25 16:24:50 INFO  cic.cs.unb.ca.jnetpcap.worker.TrafficFlowWorker    Pcap stop:any: You don't have permission to capture on that device (socket: Operation not permitted)
2018-03-25 16:24:55 DEBUG cic.cs.unb.ca.jnetpcap.worker.FetchCompleteFlow    fetch thead:27 name--pool-1-thread-1
2018-03-25 16:25:17 DEBUG cic.cs.unb.ca.jnetpcap.worker.FetchCompleteFlow    fetch thead:27 name--pool-1-thread-1
2018-03-25 16:25:30 INFO  cic.cs.unb.ca.jnetpcap.worker.TrafficFlowWorker    open device fail: usbmon1: Can't open USB bus file /sys/kernel/debug/usb/usbmon/1t: Permission denied
2018-03-25 16:25:31 INFO  cic.cs.unb.ca.jnetpcap.worker.TrafficFlowWorker    Pcap stop:usbmon1: Can't open USB bus file /sys/kernel/debug/usb/usbmon/1t: Permission denied
2018-03-25 16:25:35 DEBUG cic.cs.unb.ca.jnetpcap.worker.FetchCompleteFlow    fetch thead:27 name--pool-1-thread-1
2018-03-25 16:25:45 INFO  cic.cs.unb.ca.jnetpcap.worker.TrafficFlowWorker    open device fail: nfqueue: NFQNL_CFG_CMD_PF_UNBIND: Operation not permitted
2018-03-25 16:25:45 INFO  cic.cs.unb.ca.jnetpcap.worker.TrafficFlowWorker    Pcap stop:nfqueue: NFQNL_CFG_CMD_PF_UNBIND: Operation not permitted
2018-03-25 16:25:51 INFO  cic.cs.unb.ca.jnetpcap.worker.TrafficFlowWorker    open device fail: nflog: NFULNL_CFG_CMD_PF_UNBIND: Operation not permitted
2018-03-25 16:25:51 INFO  cic.cs.unb.ca.jnetpcap.worker.TrafficFlowWorker    Pcap stop:nflog: NFULNL_CFG_CMD_PF_UNBIND: Operation not permitted
2018-03-25 16:26:16 INFO  cic.cs.unb.ca.jnetpcap.worker.TrafficFlowWorker    open device fail: usbmon2: Can't open USB bus file /sys/kernel/debug/usbmon/2t: No such file or directory
2018-03-25 16:26:17 INFO  cic.cs.unb.ca.jnetpcap.worker.TrafficFlowWorker    Pcap stop:usbmon2: Can't open USB bus file /sys/kernel/debug/usbmon/2t: No such file or directory
2018-03-25 16:26:22 INFO  cic.cs.unb.ca.jnetpcap.worker.TrafficFlowWorker    open device fail: usbmon1: Can't open USB bus file /sys/kernel/debug/usbmon/1t: No such file or directory
2018-03-25 16:26:22 INFO  cic.cs.unb.ca.jnetpcap.worker.TrafficFlowWorker    Pcap stop:usbmon1: Can't open USB bus file /sys/kernel/debug/usbmon/1t: No such file or directory
2018-03-25 16:26:25 INFO  cic.cs.unb.ca.jnetpcap.worker.TrafficFlowWorker    Pcap is listening...
2018-03-25 16:26:30 DEBUG cic.cs.unb.ca.jnetpcap.worker.FetchCompleteFlow    fetch thead:27 name--pool-1-thread-1
2018-03-25 16:26:37 INFO  cic.cs.unb.ca.jnetpcap.worker.TrafficFlowWorker    Pcap is listening...
2018-03-25 16:26:42 DEBUG cic.cs.unb.ca.jnetpcap.worker.FetchCompleteFlow    fetch thead:27 name--pool-1-thread-1
2018-03-25 16:26:52 DEBUG cic.cs.unb.ca.jnetpcap.FlowGenerator    FlagFIN current has 38 flow
2018-03-25 16:26:52 DEBUG cic.cs.unb.ca.jnetpcap.FlowGenerator    FlagFIN current has 39 flow
2018-03-25 16:26:52 DEBUG cic.cs.unb.ca.jnetpcap.FlowGenerator    FlagFIN current has 39 flow
2018-03-25 16:27:02 DEBUG cic.cs.unb.ca.jnetpcap.worker.FetchCompleteFlow    fetch thead:27 name--pool-1-thread-1
2018-03-25 16:27:02 INFO  cic.cs.unb.ca.jnetpcap.worker.FetchCompleteFlow    fetch 3 flows
2018-03-25 16:27:21 DEBUG cic.cs.unb.ca.jnetpcap.FlowGenerator    FlagFIN current has 54 flow
2018-03-25 16:27:22 DEBUG cic.cs.unb.ca.jnetpcap.worker.FetchCompleteFlow    fetch thead:27 name--pool-1-thread-1
2018-03-25 16:27:22 INFO  cic.cs.unb.ca.jnetpcap.worker.FetchCompleteFlow    fetch 1 flows
2018-03-25 16:27:42 DEBUG cic.cs.unb.ca.jnetpcap.worker.FetchCompleteFlow    fetch thead:27 name--pool-1-thread-1
2018-03-25 16:28:02 DEBUG cic.cs.unb.ca.jnetpcap.worker.FetchCompleteFlow    fetch thead:27 name--pool-1-thread-1
2018-03-25 16:28:22 DEBUG cic.cs.unb.ca.jnetpcap.worker.FetchCompleteFlow    fetch thead:27 name--pool-1-thread-1
2018-03-25 16:28:42 DEBUG cic.cs.unb.ca.jnetpcap.worker.FetchCompleteFlow    fetch thead:27 name--pool-1-thread-1
2018-03-25 16:28:52 DEBUG cic.cs.unb.ca.jnetpcap.FlowGenerator    FlagFIN current has 65 flow
2018-03-25 16:28:52 DEBUG cic.cs.unb.ca.jnetpcap.FlowGenerator    FlagFIN current has 65 flow
2018-03-25 16:28:52 DEBUG cic.cs.unb.ca.jnetpcap.FlowGenerator    FlagFIN current has 72 flow
2018-03-25 16:28:52 DEBUG cic.cs.unb.ca.jnetpcap.FlowGenerator    FlagFIN current has 72 flow
2018-03-25 16:29:02 DEBUG cic.cs.unb.ca.jnetpcap.worker.FetchCompleteFlow    fetch thead:27 name--pool-1-thread-1
2018-03-25 16:29:02 INFO  cic.cs.unb.ca.jnetpcap.worker.FetchCompleteFlow    fetch 8 flows
2018-03-25 16:29:14 DEBUG cic.cs.unb.ca.jnetpcap.FlowGenerator    FlagFIN current has 82 flow
2018-03-25 16:29:14 DEBUG cic.cs.unb.ca.jnetpcap.FlowGenerator    FlagFIN current has 82 flow
2018-03-25 16:29:14 DEBUG cic.cs.unb.ca.jnetpcap.FlowGenerator    FlagFIN current has 82 flow
2018-03-25 16:29:14 DEBUG cic.cs.unb.ca.jnetpcap.FlowGenerator    FlagFIN current has 82 flow
2018-03-25 16:29:14 DEBUG cic.cs.unb.ca.jnetpcap.FlowGenerator    FlagFIN current has 82 flow
2018-03-25 16:29:22 DEBUG cic.cs.unb.ca.jnetpcap.worker.FetchCompleteFlow    fetch thead:27 name--pool-1-thread-1
2018-03-25 16:29:22 INFO  cic.cs.unb.ca.jnetpcap.worker.FetchCompleteFlow    fetch 13 flows
2018-03-25 16:29:41 DEBUG cic.cs.unb.ca.jnetpcap.FlowGenerator    FlagFIN current has 82 flow
2018-03-25 16:29:41 DEBUG cic.cs.unb.ca.jnetpcap.FlowGenerator    FlagFIN current has 82 flow
2018-03-25 16:29:41 DEBUG cic.cs.unb.ca.jnetpcap.FlowGenerator    FlagFIN current has 82 flow
2018-03-25 16:29:41 DEBUG cic.cs.unb.ca.jnetpcap.FlowGenerator    FlagFIN current has 81 flow
2018-03-25 16:29:41 DEBUG cic.cs.unb.ca.jnetpcap.FlowGenerator    FlagFIN current has 80 flow
2018-03-25 16:29:41 DEBUG cic.cs.unb.ca.jnetpcap.FlowGenerator    FlagFIN current has 84 flow
2018-03-25 16:29:42 DEBUG cic.cs.unb.ca.jnetpcap.worker.FetchCompleteFlow    fetch thead:27 name--pool-1-thread-1
2018-03-25 16:29:42 INFO  cic.cs.unb.ca.jnetpcap.worker.FetchCompleteFlow    fetch 10 flows
2018-03-25 16:30:02 DEBUG cic.cs.unb.ca.jnetpcap.worker.FetchCompleteFlow    fetch thead:27 name--pool-1-thread-1
2018-03-25 16:30:02 INFO  cic.cs.unb.ca.jnetpcap.worker.FetchCompleteFlow    fetch 1 flows
2018-03-25 16:30:14 DEBUG cic.cs.unb.ca.jnetpcap.FlowGenerator    FlagFIN current has 88 flow
2018-03-25 16:30:22 DEBUG cic.cs.unb.ca.jnetpcap.worker.FetchCompleteFlow    fetch thead:27 name--pool-1-thread-1
2018-03-25 16:30:22 INFO  cic.cs.unb.ca.jnetpcap.worker.FetchCompleteFlow    fetch 2 flows
2018-03-25 16:30:31 DEBUG cic.cs.unb.ca.jnetpcap.FlowGenerator    FlagFIN current has 89 flow
2018-03-25 16:30:31 DEBUG cic.cs.unb.ca.jnetpcap.FlowGenerator    FlagFIN current has 89 flow
2018-03-25 16:30:38 DEBUG cic.cs.unb.ca.jnetpcap.FlowGenerator    FlagFIN current has 89 flow
2018-03-25 16:30:38 DEBUG cic.cs.unb.ca.jnetpcap.FlowGenerator    FlagFIN current has 89 flow
2018-03-25 16:30:42 DEBUG cic.cs.unb.ca.jnetpcap.worker.FetchCompleteFlow    fetch thead:27 name--pool-1-thread-1
2018-03-25 16:30:42 INFO  cic.cs.unb.ca.jnetpcap.worker.FetchCompleteFlow    fetch 4 flows
2018-03-25 16:30:45 DEBUG cic.cs.unb.ca.jnetpcap.FlowGenerator    FlagFIN current has 94 flow
2018-03-25 16:30:45 DEBUG cic.cs.unb.ca.jnetpcap.FlowGenerator    FlagFIN current has 94 flow
2018-03-25 16:30:46 DEBUG cic.cs.unb.ca.jnetpcap.FlowGenerator    FlagFIN current has 95 flow
2018-03-25 16:30:46 DEBUG cic.cs.unb.ca.jnetpcap.FlowGenerator    FlagFIN current has 95 flow
2018-03-25 16:30:48 DEBUG cic.cs.unb.ca.jnetpcap.FlowGenerator    FlagFIN current has 95 flow
2018-03-25 16:30:48 DEBUG cic.cs.unb.ca.jnetpcap.FlowGenerator    FlagFIN current has 95 flow
2018-03-25 16:30:52 DEBUG cic.cs.unb.ca.jnetpcap.FlowGenerator    FlagFIN current has 95 flow
2018-03-25 16:31:02 DEBUG cic.cs.unb.ca.jnetpcap.worker.FetchCompleteFlow    fetch thead:27 name--pool-1-thread-1
2018-03-25 16:31:02 INFO  cic.cs.unb.ca.jnetpcap.worker.FetchCompleteFlow    fetch 10 flows
2018-03-25 16:31:22 DEBUG cic.cs.unb.ca.jnetpcap.worker.FetchCompleteFlow    fetch thead:27 name--pool-1-thread-1
2018-03-25 16:31:22 INFO  cic.cs.unb.ca.jnetpcap.worker.FetchCompleteFlow    fetch 2 flows
2018-03-25 16:31:42 DEBUG cic.cs.unb.ca.jnetpcap.worker.FetchCompleteFlow    fetch thead:27 name--pool-1-thread-1
2018-03-25 16:31:42 INFO  cic.cs.unb.ca.jnetpcap.worker.FetchCompleteFlow    fetch 3 flows
2018-03-25 16:31:46 DEBUG cic.cs.unb.ca.jnetpcap.FlowGenerator    FlagFIN current has 98 flow
2018-03-25 16:32:02 DEBUG cic.cs.unb.ca.jnetpcap.worker.FetchCompleteFlow    fetch thead:27 name--pool-1-thread-1
2018-03-25 16:32:02 INFO  cic.cs.unb.ca.jnetpcap.worker.FetchCompleteFlow    fetch 2 flows
2018-03-25 16:32:02 DEBUG cic.cs.unb.ca.jnetpcap.FlowGenerator    Timeout current has 100 flow
2018-03-25 16:32:12 DEBUG cic.cs.unb.ca.jnetpcap.FlowGenerator    FlagFIN current has 100 flow
2018-03-25 16:32:12 DEBUG cic.cs.unb.ca.jnetpcap.FlowGenerator    FlagFIN current has 100 flow
2018-03-25 16:32:22 DEBUG cic.cs.unb.ca.jnetpcap.worker.FetchCompleteFlow    fetch thead:27 name--pool-1-thread-1
2018-03-25 16:32:22 INFO  cic.cs.unb.ca.jnetpcap.worker.FetchCompleteFlow    fetch 3 flows
2018-03-25 16:32:32 DEBUG cic.cs.unb.ca.jnetpcap.FlowGenerator    FlagFIN current has 103 flow
2018-03-25 16:32:32 DEBUG cic.cs.unb.ca.jnetpcap.FlowGenerator    FlagFIN current has 103 flow
2018-03-25 16:32:42 DEBUG cic.cs.unb.ca.jnetpcap.worker.FetchCompleteFlow    fetch thead:27 name--pool-1-thread-1
2018-03-25 16:32:42 INFO  cic.cs.unb.ca.jnetpcap.worker.FetchCompleteFlow    fetch 2 flows
2018-03-25 16:33:02 DEBUG cic.cs.unb.ca.jnetpcap.worker.FetchCompleteFlow    fetch thead:27 name--pool-1-thread-1
2018-03-25 16:33:02 INFO  cic.cs.unb.ca.jnetpcap.worker.FetchCompleteFlow    fetch 3 flows
2018-03-25 16:33:22 DEBUG cic.cs.unb.ca.jnetpcap.worker.FetchCompleteFlow    fetch thead:27 name--pool-1-thread-1
2018-03-25 16:33:22 INFO  cic.cs.unb.ca.jnetpcap.worker.FetchCompleteFlow    fetch 2 flows
2018-03-25 16:33:42 DEBUG cic.cs.unb.ca.jnetpcap.worker.FetchCompleteFlow    fetch thead:27 name--pool-1-thread-1
2018-03-25 16:33:42 INFO  cic.cs.unb.ca.jnetpcap.worker.FetchCompleteFlow    fetch 1 flows
2018-03-25 16:33:46 DEBUG cic.cs.unb.ca.jnetpcap.FlowGenerator    FlagFIN current has 105 flow
2018-03-25 16:33:46 DEBUG cic.cs.unb.ca.jnetpcap.FlowGenerator    FlagFIN current has 105 flow
2018-03-25 16:34:02 DEBUG cic.cs.unb.ca.jnetpcap.worker.FetchCompleteFlow    fetch thead:27 name--pool-1-thread-1
2018-03-25 16:34:02 INFO  cic.cs.unb.ca.jnetpcap.worker.FetchCompleteFlow    fetch 6 flows
2018-03-25 16:34:22 DEBUG cic.cs.unb.ca.jnetpcap.worker.FetchCompleteFlow    fetch thead:27 name--pool-1-thread-1
2018-03-25 16:34:39 DEBUG cic.cs.unb.ca.jnetpcap.FlowGenerator    FlagFIN current has 110 flow
2018-03-25 16:34:41 DEBUG cic.cs.unb.ca.jnetpcap.FlowGenerator    FlagFIN current has 110 flow
2018-03-25 16:34:42 DEBUG cic.cs.unb.ca.jnetpcap.worker.FetchCompleteFlow    fetch thead:27 name--pool-1-thread-1
2018-03-25 16:34:42 INFO  cic.cs.unb.ca.jnetpcap.worker.FetchCompleteFlow    fetch 3 flows
2018-03-25 16:35:02 DEBUG cic.cs.unb.ca.jnetpcap.worker.FetchCompleteFlow    fetch thead:27 name--pool-1-thread-1
2018-03-25 16:35:02 INFO  cic.cs.unb.ca.jnetpcap.worker.FetchCompleteFlow    fetch 1 flows
2018-03-25 16:35:22 DEBUG cic.cs.unb.ca.jnetpcap.worker.FetchCompleteFlow    fetch thead:27 name--pool-1-thread-1
2018-03-25 16:35:22 INFO  cic.cs.unb.ca.jnetpcap.worker.FetchCompleteFlow    fetch 1 flows
2018-03-25 16:35:42 DEBUG cic.cs.unb.ca.jnetpcap.worker.FetchCompleteFlow    fetch thead:27 name--pool-1-thread-1
2018-03-25 16:35:42 INFO  cic.cs.unb.ca.jnetpcap.worker.FetchCompleteFlow    fetch 2 flows
2018-03-25 16:36:02 DEBUG cic.cs.unb.ca.jnetpcap.worker.FetchCompleteFlow    fetch thead:27 name--pool-1-thread-1
2018-03-25 16:36:02 INFO  cic.cs.unb.ca.jnetpcap.worker.FetchCompleteFlow    fetch 2 flows
2018-03-25 16:36:10 DEBUG cic.cs.unb.ca.jnetpcap.FlowGenerator    FlagFIN current has 122 flow
2018-03-25 16:36:22 DEBUG cic.cs.unb.ca.jnetpcap.worker.FetchCompleteFlow    fetch thead:27 name--pool-1-thread-1
2018-03-25 16:36:22 INFO  cic.cs.unb.ca.jnetpcap.worker.FetchCompleteFlow    fetch 3 flows
2018-03-25 16:36:42 DEBUG cic.cs.unb.ca.jnetpcap.worker.FetchCompleteFlow    fetch thead:27 name--pool-1-thread-1
2018-03-25 16:36:42 INFO  cic.cs.unb.ca.jnetpcap.worker.FetchCompleteFlow    fetch 1 flows
2018-03-25 16:37:02 DEBUG cic.cs.unb.ca.jnetpcap.worker.FetchCompleteFlow    fetch thead:27 name--pool-1-thread-1
2018-03-25 16:37:22 DEBUG cic.cs.unb.ca.jnetpcap.worker.FetchCompleteFlow    fetch thead:27 name--pool-1-thread-1
2018-03-25 16:37:22 INFO  cic.cs.unb.ca.jnetpcap.worker.FetchCompleteFlow    fetch 3 flows
2018-03-25 16:37:32 DEBUG cic.cs.unb.ca.jnetpcap.FlowGenerator    FlagFIN current has 185 flow
2018-03-25 16:37:32 DEBUG cic.cs.unb.ca.jnetpcap.FlowGenerator    FlagFIN current has 185 flow
2018-03-25 16:37:32 DEBUG cic.cs.unb.ca.jnetpcap.FlowGenerator    FlagFIN current has 185 flow
2018-03-25 16:37:32 DEBUG cic.cs.unb.ca.jnetpcap.FlowGenerator    FlagFIN current has 184 flow
2018-03-25 16:37:32 DEBUG cic.cs.unb.ca.jnetpcap.FlowGenerator    FlagFIN current has 183 flow
2018-03-25 16:37:32 DEBUG cic.cs.unb.ca.jnetpcap.FlowGenerator    FlagFIN current has 182 flow
2018-03-25 16:37:32 DEBUG cic.cs.unb.ca.jnetpcap.FlowGenerator    FlagFIN current has 181 flow
2018-03-25 16:37:32 DEBUG cic.cs.unb.ca.jnetpcap.FlowGenerator    FlagFIN current has 180 flow
2018-03-25 16:37:32 DEBUG cic.cs.unb.ca.jnetpcap.FlowGenerator    FlagFIN current has 179 flow
2018-03-25 16:37:32 DEBUG cic.cs.unb.ca.jnetpcap.FlowGenerator    FlagFIN current has 178 flow
2018-03-25 16:37:33 DEBUG cic.cs.unb.ca.jnetpcap.FlowGenerator    FlagFIN current has 185 flow
2018-03-25 16:37:33 DEBUG cic.cs.unb.ca.jnetpcap.FlowGenerator    FlagFIN current has 185 flow
2018-03-25 16:37:42 DEBUG cic.cs.unb.ca.jnetpcap.worker.FetchCompleteFlow    fetch thead:27 name--pool-1-thread-1
2018-03-25 16:37:42 INFO  cic.cs.unb.ca.jnetpcap.worker.FetchCompleteFlow    fetch 12 flows
2018-03-25 16:37:44 DEBUG cic.cs.unb.ca.jnetpcap.FlowGenerator    FlagFIN current has 185 flow
2018-03-25 16:37:57 DEBUG cic.cs.unb.ca.jnetpcap.FlowGenerator    FlagFIN current has 186 flow
2018-03-25 16:37:57 DEBUG cic.cs.unb.ca.jnetpcap.FlowGenerator    FlagFIN current has 186 flow
2018-03-25 16:38:02 DEBUG cic.cs.unb.ca.jnetpcap.worker.FetchCompleteFlow    fetch thead:27 name--pool-1-thread-1
2018-03-25 16:38:02 INFO  cic.cs.unb.ca.jnetpcap.worker.FetchCompleteFlow    fetch 7 flows
2018-03-25 16:38:10 DEBUG cic.cs.unb.ca.jnetpcap.FlowGenerator    FlagFIN current has 187 flow
2018-03-25 16:38:10 DEBUG cic.cs.unb.ca.jnetpcap.FlowGenerator    FlagFIN current has 187 flow
2018-03-25 16:38:22 DEBUG cic.cs.unb.ca.jnetpcap.worker.FetchCompleteFlow    fetch thead:27 name--pool-1-thread-1
2018-03-25 16:38:22 INFO  cic.cs.unb.ca.jnetpcap.worker.FetchCompleteFlow    fetch 5 flows
2018-03-25 16:38:23 DEBUG cic.cs.unb.ca.jnetpcap.FlowGenerator    FlagFIN current has 188 flow
2018-03-25 16:38:23 DEBUG cic.cs.unb.ca.jnetpcap.FlowGenerator    FlagFIN current has 188 flow
2018-03-25 16:38:42 DEBUG cic.cs.unb.ca.jnetpcap.worker.FetchCompleteFlow    fetch thead:27 name--pool-1-thread-1
2018-03-25 16:38:42 INFO  cic.cs.unb.ca.jnetpcap.worker.FetchCompleteFlow    fetch 3 flows
2018-03-25 16:38:45 DEBUG cic.cs.unb.ca.jnetpcap.FlowGenerator    FlagFIN current has 194 flow
2018-03-25 16:39:02 DEBUG cic.cs.unb.ca.jnetpcap.worker.FetchCompleteFlow    fetch thead:27 name--pool-1-thread-1
2018-03-25 16:39:02 INFO  cic.cs.unb.ca.jnetpcap.worker.FetchCompleteFlow    fetch 3 flows
2018-03-25 16:39:22 DEBUG cic.cs.unb.ca.jnetpcap.worker.FetchCompleteFlow    fetch thead:27 name--pool-1-thread-1
2018-03-25 16:39:42 DEBUG cic.cs.unb.ca.jnetpcap.worker.FetchCompleteFlow    fetch thead:27 name--pool-1-thread-1
2018-03-25 16:39:59 DEBUG cic.cs.unb.ca.jnetpcap.FlowGenerator    FlagFIN current has 197 flow
2018-03-25 16:39:59 DEBUG cic.cs.unb.ca.jnetpcap.FlowGenerator    FlagFIN current has 197 flow
2018-03-25 16:39:59 DEBUG cic.cs.unb.ca.jnetpcap.FlowGenerator    FlagFIN current has 197 flow
2018-03-25 16:39:59 DEBUG cic.cs.unb.ca.jnetpcap.FlowGenerator    FlagFIN current has 197 flow
2018-03-25 16:39:59 DEBUG cic.cs.unb.ca.jnetpcap.FlowGenerator    FlagFIN current has 197 flow
2018-03-25 16:39:59 DEBUG cic.cs.unb.ca.jnetpcap.FlowGenerator    FlagFIN current has 197 flow
2018-03-25 16:39:59 DEBUG cic.cs.unb.ca.jnetpcap.FlowGenerator    FlagFIN current has 197 flow
2018-03-25 16:39:59 DEBUG cic.cs.unb.ca.jnetpcap.FlowGenerator    FlagFIN current has 197 flow
2018-03-25 16:40:02 DEBUG cic.cs.unb.ca.jnetpcap.worker.FetchCompleteFlow    fetch thead:27 name--pool-1-thread-1
2018-03-25 16:40:02 INFO  cic.cs.unb.ca.jnetpcap.worker.FetchCompleteFlow    fetch 22 flows
2018-03-25 16:40:05 DEBUG cic.cs.unb.ca.jnetpcap.FlowGenerator    FlagFIN current has 199 flow
2018-03-25 16:40:05 DEBUG cic.cs.unb.ca.jnetpcap.FlowGenerator    Timeout current has 200 flow
2018-03-25 16:40:22 DEBUG cic.cs.unb.ca.jnetpcap.worker.FetchCompleteFlow    fetch thead:27 name--pool-1-thread-1
2018-03-25 16:40:22 INFO  cic.cs.unb.ca.jnetpcap.worker.FetchCompleteFlow    fetch 2 flows
2018-03-25 16:40:42 DEBUG cic.cs.unb.ca.jnetpcap.worker.FetchCompleteFlow    fetch thead:27 name--pool-1-thread-1
2018-03-25 16:41:02 DEBUG cic.cs.unb.ca.jnetpcap.worker.FetchCompleteFlow    fetch thead:27 name--pool-1-thread-1
2018-03-25 16:41:11 DEBUG cic.cs.unb.ca.jnetpcap.FlowGenerator    FlagFIN current has 215 flow
2018-03-25 16:41:11 DEBUG cic.cs.unb.ca.jnetpcap.FlowGenerator    FlagFIN current has 214 flow
2018-03-25 16:41:11 DEBUG cic.cs.unb.ca.jnetpcap.FlowGenerator    FlagFIN current has 213 flow
2018-03-25 16:41:15 DEBUG cic.cs.unb.ca.jnetpcap.FlowGenerator    FlagFIN current has 224 flow
2018-03-25 16:41:20 DEBUG cic.cs.unb.ca.jnetpcap.FlowGenerator    FlagFIN current has 226 flow
2018-03-25 16:41:22 DEBUG cic.cs.unb.ca.jnetpcap.worker.FetchCompleteFlow    fetch thead:27 name--pool-1-thread-1
2018-03-25 16:41:22 INFO  cic.cs.unb.ca.jnetpcap.worker.FetchCompleteFlow    fetch 11 flows
2018-03-25 16:41:29 DEBUG cic.cs.unb.ca.jnetpcap.FlowGenerator    FlagFIN current has 226 flow
2018-03-25 16:41:29 DEBUG cic.cs.unb.ca.jnetpcap.FlowGenerator    FlagFIN current has 226 flow
2018-03-25 16:41:29 DEBUG cic.cs.unb.ca.jnetpcap.FlowGenerator    FlagFIN current has 226 flow
2018-03-25 16:41:29 DEBUG cic.cs.unb.ca.jnetpcap.FlowGenerator    FlagFIN current has 226 flow
2018-03-25 16:41:32 DEBUG cic.cs.unb.ca.jnetpcap.FlowGenerator    FlagFIN current has 231 flow
2018-03-25 16:41:32 DEBUG cic.cs.unb.ca.jnetpcap.FlowGenerator    FlagFIN current has 231 flow
2018-03-25 16:41:32 DEBUG cic.cs.unb.ca.jnetpcap.FlowGenerator    FlagFIN current has 231 flow
2018-03-25 16:41:32 DEBUG cic.cs.unb.ca.jnetpcap.FlowGenerator    FlagFIN current has 231 flow
2018-03-25 16:41:32 DEBUG cic.cs.unb.ca.jnetpcap.FlowGenerator    FlagFIN current has 231 flow
2018-03-25 16:41:33 DEBUG cic.cs.unb.ca.jnetpcap.FlowGenerator    FlagFIN current has 231 flow
2018-03-25 16:41:42 DEBUG cic.cs.unb.ca.jnetpcap.worker.FetchCompleteFlow    fetch thead:27 name--pool-1-thread-1
2018-03-25 16:41:42 INFO  cic.cs.unb.ca.jnetpcap.worker.FetchCompleteFlow    fetch 12 flows
2018-03-25 16:41:48 DEBUG cic.cs.unb.ca.jnetpcap.FlowGenerator    FlagFIN current has 280 flow
2018-03-25 16:41:55 DEBUG cic.cs.unb.ca.jnetpcap.FlowGenerator    FlagFIN current has 283 flow
2018-03-25 16:41:55 DEBUG cic.cs.unb.ca.jnetpcap.FlowGenerator    FlagFIN current has 283 flow
2018-03-25 16:41:59 DEBUG cic.cs.unb.ca.jnetpcap.FlowGenerator    FlagFIN current has 284 flow
2018-03-25 16:41:59 DEBUG cic.cs.unb.ca.jnetpcap.FlowGenerator    FlagFIN current has 283 flow
2018-03-25 16:42:02 DEBUG cic.cs.unb.ca.jnetpcap.worker.FetchCompleteFlow    fetch thead:27 name--pool-1-thread-1
2018-03-25 16:42:02 INFO  cic.cs.unb.ca.jnetpcap.worker.FetchCompleteFlow    fetch 7 flows
2018-03-25 16:42:22 DEBUG cic.cs.unb.ca.jnetpcap.worker.FetchCompleteFlow    fetch thead:27 name--pool-1-thread-1
2018-03-25 16:42:22 INFO  cic.cs.unb.ca.jnetpcap.worker.FetchCompleteFlow    fetch 1 flows
2018-03-25 16:42:42 DEBUG cic.cs.unb.ca.jnetpcap.worker.FetchCompleteFlow    fetch thead:27 name--pool-1-thread-1
2018-03-25 16:42:59 DEBUG cic.cs.unb.ca.jnetpcap.FlowGenerator    FlagFIN current has 306 flow
2018-03-25 16:42:59 DEBUG cic.cs.unb.ca.jnetpcap.FlowGenerator    FlagFIN current has 306 flow
2018-03-25 16:43:00 DEBUG cic.cs.unb.ca.jnetpcap.FlowGenerator    FlagFIN current has 306 flow
2018-03-25 16:43:00 DEBUG cic.cs.unb.ca.jnetpcap.FlowGenerator    FlagFIN current has 306 flow
2018-03-25 16:43:00 DEBUG cic.cs.unb.ca.jnetpcap.FlowGenerator    FlagFIN current has 306 flow
2018-03-25 16:43:00 DEBUG cic.cs.unb.ca.jnetpcap.FlowGenerator    FlagFIN current has 306 flow
2018-03-25 16:43:00 DEBUG cic.cs.unb.ca.jnetpcap.FlowGenerator    FlagFIN current has 306 flow
2018-03-25 16:43:00 DEBUG cic.cs.unb.ca.jnetpcap.FlowGenerator    FlagFIN current has 306 flow
2018-03-25 16:43:00 DEBUG cic.cs.unb.ca.jnetpcap.FlowGenerator    FlagFIN current has 308 flow
2018-03-25 16:43:00 DEBUG cic.cs.unb.ca.jnetpcap.FlowGenerator    FlagFIN current has 307 flow
2018-03-25 16:43:00 DEBUG cic.cs.unb.ca.jnetpcap.FlowGenerator    FlagFIN current has 306 flow
2018-03-25 16:43:02 DEBUG cic.cs.unb.ca.jnetpcap.worker.FetchCompleteFlow    fetch thead:27 name--pool-1-thread-1
2018-03-25 16:43:02 INFO  cic.cs.unb.ca.jnetpcap.worker.FetchCompleteFlow    fetch 22 flows
2018-03-25 16:43:03 DEBUG cic.cs.unb.ca.jnetpcap.FlowGenerator    FlagFIN current has 340 flow
2018-03-25 16:43:13 DEBUG cic.cs.unb.ca.jnetpcap.FlowGenerator    FlagFIN current has 340 flow
2018-03-25 16:43:13 DEBUG cic.cs.unb.ca.jnetpcap.FlowGenerator    FlagFIN current has 339 flow
2018-03-25 16:43:13 DEBUG cic.cs.unb.ca.jnetpcap.FlowGenerator    FlagFIN current has 338 flow
2018-03-25 16:43:13 DEBUG cic.cs.unb.ca.jnetpcap.FlowGenerator    FlagFIN current has 340 flow
2018-03-25 16:43:13 DEBUG cic.cs.unb.ca.jnetpcap.FlowGenerator    FlagFIN current has 339 flow
2018-03-25 16:43:13 DEBUG cic.cs.unb.ca.jnetpcap.FlowGenerator    FlagFIN current has 349 flow
2018-03-25 16:43:14 DEBUG cic.cs.unb.ca.jnetpcap.FlowGenerator    FlagFIN current has 366 flow
2018-03-25 16:43:16 DEBUG cic.cs.unb.ca.jnetpcap.FlowGenerator    FlagFIN current has 369 flow
2018-03-25 16:43:16 DEBUG cic.cs.unb.ca.jnetpcap.FlowGenerator    FlagFIN current has 369 flow
2018-03-25 16:43:22 DEBUG cic.cs.unb.ca.jnetpcap.worker.FetchCompleteFlow    fetch thead:27 name--pool-1-thread-1
2018-03-25 16:43:22 INFO  cic.cs.unb.ca.jnetpcap.worker.FetchCompleteFlow    fetch 11 flows
2018-03-25 16:43:42 DEBUG cic.cs.unb.ca.jnetpcap.worker.FetchCompleteFlow    fetch thead:27 name--pool-1-thread-1
2018-03-25 16:43:42 INFO  cic.cs.unb.ca.jnetpcap.worker.FetchCompleteFlow    fetch 1 flows
2018-03-25 16:44:02 DEBUG cic.cs.unb.ca.jnetpcap.worker.FetchCompleteFlow    fetch thead:27 name--pool-1-thread-1
2018-03-25 16:44:20 DEBUG cic.cs.unb.ca.jnetpcap.FlowGenerator    FlagFIN current has 375 flow
2018-03-25 16:44:20 DEBUG cic.cs.unb.ca.jnetpcap.FlowGenerator    FlagFIN current has 375 flow
2018-03-25 16:44:20 DEBUG cic.cs.unb.ca.jnetpcap.FlowGenerator    FlagFIN current has 375 flow
2018-03-25 16:44:20 DEBUG cic.cs.unb.ca.jnetpcap.FlowGenerator    FlagFIN current has 375 flow
2018-03-25 16:44:20 DEBUG cic.cs.unb.ca.jnetpcap.FlowGenerator    FlagFIN current has 377 flow
2018-03-25 16:44:20 DEBUG cic.cs.unb.ca.jnetpcap.FlowGenerator    FlagFIN current has 376 flow
2018-03-25 16:44:20 DEBUG cic.cs.unb.ca.jnetpcap.FlowGenerator    FlagFIN current has 377 flow
2018-03-25 16:44:20 DEBUG cic.cs.unb.ca.jnetpcap.FlowGenerator    FlagFIN current has 377 flow
2018-03-25 16:44:20 DEBUG cic.cs.unb.ca.jnetpcap.FlowGenerator    FlagFIN current has 377 flow
2018-03-25 16:44:20 DEBUG cic.cs.unb.ca.jnetpcap.FlowGenerator    FlagFIN current has 377 flow
2018-03-25 16:44:20 DEBUG cic.cs.unb.ca.jnetpcap.FlowGenerator    FlagFIN current has 376 flow
2018-03-25 16:44:20 DEBUG cic.cs.unb.ca.jnetpcap.FlowGenerator    FlagFIN current has 375 flow
2018-03-25 16:44:20 DEBUG cic.cs.unb.ca.jnetpcap.FlowGenerator    FlagFIN current has 374 flow
2018-03-25 16:44:20 DEBUG cic.cs.unb.ca.jnetpcap.FlowGenerator    FlagFIN current has 373 flow
2018-03-25 16:44:20 DEBUG cic.cs.unb.ca.jnetpcap.FlowGenerator    FlagFIN current has 372 flow
2018-03-25 16:44:20 DEBUG cic.cs.unb.ca.jnetpcap.FlowGenerator    FlagFIN current has 371 flow
2018-03-25 16:44:20 DEBUG cic.cs.unb.ca.jnetpcap.FlowGenerator    FlagFIN current has 381 flow
2018-03-25 16:44:22 DEBUG cic.cs.unb.ca.jnetpcap.worker.FetchCompleteFlow    fetch thead:27 name--pool-1-thread-1
2018-03-25 16:44:22 INFO  cic.cs.unb.ca.jnetpcap.worker.FetchCompleteFlow    fetch 34 flows
2018-03-25 16:44:36 DEBUG cic.cs.unb.ca.jnetpcap.FlowGenerator    FlagFIN current has 383 flow
2018-03-25 16:44:36 DEBUG cic.cs.unb.ca.jnetpcap.FlowGenerator    FlagFIN current has 383 flow
2018-03-25 16:44:41 DEBUG cic.cs.unb.ca.jnetpcap.FlowGenerator    FlagFIN current has 385 flow
2018-03-25 16:44:42 DEBUG cic.cs.unb.ca.jnetpcap.worker.FetchCompleteFlow    fetch thead:27 name--pool-1-thread-1
2018-03-25 16:44:42 INFO  cic.cs.unb.ca.jnetpcap.worker.FetchCompleteFlow    fetch 5 flows
2018-03-25 16:45:02 DEBUG cic.cs.unb.ca.jnetpcap.worker.FetchCompleteFlow    fetch thead:27 name--pool-1-thread-1
2018-03-25 16:45:02 INFO  cic.cs.unb.ca.jnetpcap.worker.FetchCompleteFlow    fetch 7 flows
2018-03-25 16:45:22 DEBUG cic.cs.unb.ca.jnetpcap.worker.FetchCompleteFlow    fetch thead:27 name--pool-1-thread-1
2018-03-25 16:45:42 DEBUG cic.cs.unb.ca.jnetpcap.worker.FetchCompleteFlow    fetch thead:27 name--pool-1-thread-1
2018-03-25 16:45:58 DEBUG cic.cs.unb.ca.jnetpcap.FlowGenerator    FlagFIN current has 401 flow
2018-03-25 16:45:58 DEBUG cic.cs.unb.ca.jnetpcap.FlowGenerator    FlagFIN current has 400 flow
2018-03-25 16:45:58 DEBUG cic.cs.unb.ca.jnetpcap.FlowGenerator    FlagFIN current has 405 flow
2018-03-25 16:45:58 DEBUG cic.cs.unb.ca.jnetpcap.FlowGenerator    FlagFIN current has 405 flow
2018-03-25 16:45:58 DEBUG cic.cs.unb.ca.jnetpcap.FlowGenerator    FlagFIN current has 405 flow
2018-03-25 16:45:58 DEBUG cic.cs.unb.ca.jnetpcap.FlowGenerator    FlagFIN current has 405 flow
2018-03-25 16:45:58 DEBUG cic.cs.unb.ca.jnetpcap.FlowGenerator    FlagFIN current has 405 flow
2018-03-25 16:45:58 DEBUG cic.cs.unb.ca.jnetpcap.FlowGenerator    FlagFIN current has 405 flow
2018-03-25 16:45:58 DEBUG cic.cs.unb.ca.jnetpcap.FlowGenerator    FlagFIN current has 405 flow
2018-03-25 16:45:58 DEBUG cic.cs.unb.ca.jnetpcap.FlowGenerator    FlagFIN current has 405 flow
2018-03-25 16:45:58 DEBUG cic.cs.unb.ca.jnetpcap.FlowGenerator    FlagFIN current has 405 flow
2018-03-25 16:45:58 DEBUG cic.cs.unb.ca.jnetpcap.FlowGenerator    FlagFIN current has 405 flow
2018-03-25 16:46:02 DEBUG cic.cs.unb.ca.jnetpcap.worker.FetchCompleteFlow    fetch thead:27 name--pool-1-thread-1
2018-03-25 16:46:02 INFO  cic.cs.unb.ca.jnetpcap.worker.FetchCompleteFlow    fetch 21 flows
2018-03-25 16:46:22 DEBUG cic.cs.unb.ca.jnetpcap.worker.FetchCompleteFlow    fetch thead:27 name--pool-1-thread-1
2018-03-25 16:46:42 DEBUG cic.cs.unb.ca.jnetpcap.worker.FetchCompleteFlow    fetch thead:27 name--pool-1-thread-1
2018-03-25 16:46:59 DEBUG cic.cs.unb.ca.jnetpcap.FlowGenerator    FlagFIN current has 407 flow
2018-03-25 16:46:59 DEBUG cic.cs.unb.ca.jnetpcap.FlowGenerator    FlagFIN current has 407 flow
2018-03-25 16:46:59 DEBUG cic.cs.unb.ca.jnetpcap.FlowGenerator    FlagFIN current has 407 flow
2018-03-25 16:46:59 DEBUG cic.cs.unb.ca.jnetpcap.FlowGenerator    FlagFIN current has 407 flow
2018-03-25 16:46:59 DEBUG cic.cs.unb.ca.jnetpcap.FlowGenerator    FlagFIN current has 407 flow
2018-03-25 16:46:59 DEBUG cic.cs.unb.ca.jnetpcap.FlowGenerator    FlagFIN current has 407 flow
2018-03-25 16:46:59 DEBUG cic.cs.unb.ca.jnetpcap.FlowGenerator    FlagFIN current has 409 flow
2018-03-25 16:46:59 DEBUG cic.cs.unb.ca.jnetpcap.FlowGenerator    FlagFIN current has 409 flow
2018-03-25 16:46:59 DEBUG cic.cs.unb.ca.jnetpcap.FlowGenerator    FlagFIN current has 409 flow
2018-03-25 16:47:02 DEBUG cic.cs.unb.ca.jnetpcap.worker.FetchCompleteFlow    fetch thead:27 name--pool-1-thread-1
2018-03-25 16:47:02 INFO  cic.cs.unb.ca.jnetpcap.worker.FetchCompleteFlow    fetch 25 flows
2018-03-25 16:47:22 DEBUG cic.cs.unb.ca.jnetpcap.worker.FetchCompleteFlow    fetch thead:27 name--pool-1-thread-1
2018-03-25 16:47:42 DEBUG cic.cs.unb.ca.jnetpcap.worker.FetchCompleteFlow    fetch thead:27 name--pool-1-thread-1
2018-03-25 16:48:00 DEBUG cic.cs.unb.ca.jnetpcap.FlowGenerator    FlagFIN current has 409 flow
2018-03-25 16:48:00 DEBUG cic.cs.unb.ca.jnetpcap.FlowGenerator    FlagFIN current has 409 flow
2018-03-25 16:48:00 DEBUG cic.cs.unb.ca.jnetpcap.FlowGenerator    FlagFIN current has 409 flow
2018-03-25 16:48:00 DEBUG cic.cs.unb.ca.jnetpcap.FlowGenerator    FlagFIN current has 409 flow
2018-03-25 16:48:00 DEBUG cic.cs.unb.ca.jnetpcap.FlowGenerator    FlagFIN current has 409 flow
2018-03-25 16:48:00 DEBUG cic.cs.unb.ca.jnetpcap.FlowGenerator    FlagFIN current has 409 flow
2018-03-25 16:48:00 DEBUG cic.cs.unb.ca.jnetpcap.FlowGenerator    FlagFIN current has 409 flow
2018-03-25 16:48:00 DEBUG cic.cs.unb.ca.jnetpcap.FlowGenerator    FlagFIN current has 409 flow
2018-03-25 16:48:00 DEBUG cic.cs.unb.ca.jnetpcap.FlowGenerator    FlagFIN current has 409 flow
2018-03-25 16:48:00 DEBUG cic.cs.unb.ca.jnetpcap.FlowGenerator    FlagFIN current has 409 flow
2018-03-25 16:48:00 DEBUG cic.cs.unb.ca.jnetpcap.FlowGenerator    FlagFIN current has 409 flow
2018-03-25 16:48:01 DEBUG cic.cs.unb.ca.jnetpcap.FlowGenerator    FlagFIN current has 409 flow
2018-03-25 16:48:01 DEBUG cic.cs.unb.ca.jnetpcap.FlowGenerator    FlagFIN current has 409 flow
2018-03-25 16:48:01 DEBUG cic.cs.unb.ca.jnetpcap.FlowGenerator    FlagFIN current has 409 flow
2018-03-25 16:48:01 DEBUG cic.cs.unb.ca.jnetpcap.FlowGenerator    FlagFIN current has 410 flow
2018-03-25 16:48:01 DEBUG cic.cs.unb.ca.jnetpcap.FlowGenerator    FlagFIN current has 410 flow
2018-03-25 16:48:01 DEBUG cic.cs.unb.ca.jnetpcap.FlowGenerator    FlagFIN current has 410 flow
2018-03-25 16:48:01 DEBUG cic.cs.unb.ca.jnetpcap.FlowGenerator    FlagFIN current has 410 flow
2018-03-25 16:48:01 DEBUG cic.cs.unb.ca.jnetpcap.FlowGenerator    FlagFIN current has 410 flow
2018-03-25 16:48:02 DEBUG cic.cs.unb.ca.jnetpcap.worker.FetchCompleteFlow    fetch thead:27 name--pool-1-thread-1
2018-03-25 16:48:02 INFO  cic.cs.unb.ca.jnetpcap.worker.FetchCompleteFlow    fetch 31 flows
2018-03-25 16:48:22 DEBUG cic.cs.unb.ca.jnetpcap.worker.FetchCompleteFlow    fetch thead:27 name--pool-1-thread-1
2018-03-25 16:48:42 DEBUG cic.cs.unb.ca.jnetpcap.worker.FetchCompleteFlow    fetch thead:27 name--pool-1-thread-1
2018-03-25 16:49:02 DEBUG cic.cs.unb.ca.jnetpcap.FlowGenerator    FlagFIN current has 412 flow
2018-03-25 16:49:02 DEBUG cic.cs.unb.ca.jnetpcap.FlowGenerator    FlagFIN current has 411 flow
2018-03-25 16:49:02 DEBUG cic.cs.unb.ca.jnetpcap.FlowGenerator    FlagFIN current has 412 flow
2018-03-25 16:49:02 DEBUG cic.cs.unb.ca.jnetpcap.FlowGenerator    FlagFIN current has 414 flow
2018-03-25 16:49:02 DEBUG cic.cs.unb.ca.jnetpcap.FlowGenerator    FlagFIN current has 414 flow
2018-03-25 16:49:02 DEBUG cic.cs.unb.ca.jnetpcap.FlowGenerator    FlagFIN current has 414 flow
2018-03-25 16:49:02 DEBUG cic.cs.unb.ca.jnetpcap.worker.FetchCompleteFlow    fetch thead:27 name--pool-1-thread-1
2018-03-25 16:49:02 INFO  cic.cs.unb.ca.jnetpcap.worker.FetchCompleteFlow    fetch 9 flows
2018-03-25 16:49:22 DEBUG cic.cs.unb.ca.jnetpcap.worker.FetchCompleteFlow    fetch thead:27 name--pool-1-thread-1
2018-03-25 16:49:42 DEBUG cic.cs.unb.ca.jnetpcap.worker.FetchCompleteFlow    fetch thead:27 name--pool-1-thread-1
2018-03-25 16:50:02 DEBUG cic.cs.unb.ca.jnetpcap.worker.FetchCompleteFlow    fetch thead:27 name--pool-1-thread-1
2018-03-25 16:50:03 DEBUG cic.cs.unb.ca.jnetpcap.FlowGenerator    FlagFIN current has 416 flow
2018-03-25 16:50:03 DEBUG cic.cs.unb.ca.jnetpcap.FlowGenerator    FlagFIN current has 416 flow
2018-03-25 16:50:03 DEBUG cic.cs.unb.ca.jnetpcap.FlowGenerator    FlagFIN current has 416 flow
2018-03-25 16:50:03 DEBUG cic.cs.unb.ca.jnetpcap.FlowGenerator    FlagFIN current has 416 flow
2018-03-25 16:50:03 DEBUG cic.cs.unb.ca.jnetpcap.FlowGenerator    FlagFIN current has 415 flow
2018-03-25 16:50:03 DEBUG cic.cs.unb.ca.jnetpcap.FlowGenerator    FlagFIN current has 416 flow
2018-03-25 16:50:03 DEBUG cic.cs.unb.ca.jnetpcap.FlowGenerator    FlagFIN current has 417 flow
2018-03-25 16:50:03 DEBUG cic.cs.unb.ca.jnetpcap.FlowGenerator    FlagFIN current has 417 flow
2018-03-25 16:50:22 DEBUG cic.cs.unb.ca.jnetpcap.worker.FetchCompleteFlow    fetch thead:27 name--pool-1-thread-1
2018-03-25 16:50:22 INFO  cic.cs.unb.ca.jnetpcap.worker.FetchCompleteFlow    fetch 15 flows
2018-03-25 16:50:42 DEBUG cic.cs.unb.ca.jnetpcap.worker.FetchCompleteFlow    fetch thead:27 name--pool-1-thread-1
2018-03-25 16:51:02 DEBUG cic.cs.unb.ca.jnetpcap.worker.FetchCompleteFlow    fetch thead:27 name--pool-1-thread-1
2018-03-25 16:51:22 DEBUG cic.cs.unb.ca.jnetpcap.worker.FetchCompleteFlow    fetch thead:27 name--pool-1-thread-1
2018-03-25 16:51:22 INFO  cic.cs.unb.ca.jnetpcap.worker.FetchCompleteFlow    fetch 2 flows
2018-03-25 16:51:42 DEBUG cic.cs.unb.ca.jnetpcap.worker.FetchCompleteFlow    fetch thead:27 name--pool-1-thread-1
2018-03-25 16:52:02 DEBUG cic.cs.unb.ca.jnetpcap.worker.FetchCompleteFlow    fetch thead:27 name--pool-1-thread-1
2018-03-25 16:52:22 DEBUG cic.cs.unb.ca.jnetpcap.worker.FetchCompleteFlow    fetch thead:27 name--pool-1-thread-1
2018-03-25 16:52:22 INFO  cic.cs.unb.ca.jnetpcap.worker.FetchCompleteFlow    fetch 4 flows
2018-03-25 16:52:42 DEBUG cic.cs.unb.ca.jnetpcap.worker.FetchCompleteFlow    fetch thead:27 name--pool-1-thread-1
2018-03-25 16:53:02 DEBUG cic.cs.unb.ca.jnetpcap.worker.FetchCompleteFlow    fetch thead:27 name--pool-1-thread-1
2018-03-25 16:53:08 DEBUG cic.cs.unb.ca.jnetpcap.FlowGenerator    FlagFIN current has 427 flow
2018-03-25 16:53:08 DEBUG cic.cs.unb.ca.jnetpcap.FlowGenerator    FlagFIN current has 430 flow
2018-03-25 16:53:08 DEBUG cic.cs.unb.ca.jnetpcap.FlowGenerator    FlagFIN current has 430 flow
2018-03-25 16:53:22 DEBUG cic.cs.unb.ca.jnetpcap.worker.FetchCompleteFlow    fetch thead:27 name--pool-1-thread-1
2018-03-25 16:53:22 INFO  cic.cs.unb.ca.jnetpcap.worker.FetchCompleteFlow    fetch 8 flows
2018-03-25 16:53:42 DEBUG cic.cs.unb.ca.jnetpcap.worker.FetchCompleteFlow    fetch thead:27 name--pool-1-thread-1
2018-03-25 16:54:02 DEBUG cic.cs.unb.ca.jnetpcap.worker.FetchCompleteFlow    fetch thead:27 name--pool-1-thread-1
2018-03-25 16:54:22 DEBUG cic.cs.unb.ca.jnetpcap.worker.FetchCompleteFlow    fetch thead:27 name--pool-1-thread-1
2018-03-25 16:54:22 INFO  cic.cs.unb.ca.jnetpcap.worker.FetchCompleteFlow    fetch 1 flows
2018-03-25 16:54:42 DEBUG cic.cs.unb.ca.jnetpcap.worker.FetchCompleteFlow    fetch thead:27 name--pool-1-thread-1
2018-03-25 16:55:02 DEBUG cic.cs.unb.ca.jnetpcap.worker.FetchCompleteFlow    fetch thead:27 name--pool-1-thread-1
2018-03-25 16:55:11 DEBUG cic.cs.unb.ca.jnetpcap.FlowGenerator    FlagFIN current has 437 flow
2018-03-25 16:55:11 DEBUG cic.cs.unb.ca.jnetpcap.FlowGenerator    FlagFIN current has 437 flow
2018-03-25 16:55:11 DEBUG cic.cs.unb.ca.jnetpcap.FlowGenerator    FlagFIN current has 437 flow
2018-03-25 16:55:11 DEBUG cic.cs.unb.ca.jnetpcap.FlowGenerator    FlagFIN current has 437 flow
2018-03-25 16:55:22 DEBUG cic.cs.unb.ca.jnetpcap.worker.FetchCompleteFlow    fetch thead:27 name--pool-1-thread-1
2018-03-25 16:55:22 INFO  cic.cs.unb.ca.jnetpcap.worker.FetchCompleteFlow    fetch 9 flows
2018-03-25 16:55:42 DEBUG cic.cs.unb.ca.jnetpcap.worker.FetchCompleteFlow    fetch thead:27 name--pool-1-thread-1
2018-03-25 16:56:02 DEBUG cic.cs.unb.ca.jnetpcap.worker.FetchCompleteFlow    fetch thead:27 name--pool-1-thread-1
2018-03-25 16:56:12 INFO  cic.cs.unb.ca.jnetpcap.worker.TrafficFlowWorker    pcap.breakloop()
2018-03-25 16:56:12 INFO  cic.cs.unb.ca.jnetpcap.worker.TrafficFlowWorker    pcap.breakloop()
2018-03-25 16:56:12 DEBUG cic.cs.unb.ca.jnetpcap.FlowGenerator    FlagFIN current has 439 flow
2018-03-25 16:56:12 INFO  cic.cs.unb.ca.jnetpcap.worker.TrafficFlowWorker    pcap.breakloop()
2018-03-25 16:56:12 INFO  cic.cs.unb.ca.jnetpcap.worker.TrafficFlowWorker    pcap.breakloop()
2018-03-25 16:56:12 DEBUG cic.cs.unb.ca.jnetpcap.FlowGenerator    FlagFIN current has 439 flow
2018-03-25 16:56:12 INFO  cic.cs.unb.ca.jnetpcap.worker.TrafficFlowWorker    pcap.breakloop()
2018-03-25 16:56:12 INFO  cic.cs.unb.ca.jnetpcap.worker.TrafficFlowWorker    pcap.breakloop()
2018-03-25 16:56:12 INFO  cic.cs.unb.ca.jnetpcap.worker.TrafficFlowWorker    pcap.breakloop()
2018-03-25 16:56:12 INFO  cic.cs.unb.ca.jnetpcap.worker.TrafficFlowWorker    pcap.breakloop()
2018-03-25 16:56:12 INFO  cic.cs.unb.ca.jnetpcap.worker.TrafficFlowWorker    pcap.breakloop()
2018-03-25 16:56:12 INFO  cic.cs.unb.ca.jnetpcap.worker.TrafficFlowWorker    pcap.breakloop()
2018-03-25 16:56:12 INFO  cic.cs.unb.ca.jnetpcap.worker.TrafficFlowWorker    pcap.breakloop()
2018-03-25 16:56:12 INFO  cic.cs.unb.ca.jnetpcap.worker.TrafficFlowWorker    pcap.breakloop()
2018-03-25 16:56:12 INFO  cic.cs.unb.ca.jnetpcap.worker.TrafficFlowWorker    pcap.breakloop()
2018-03-25 16:56:12 INFO  cic.cs.unb.ca.jnetpcap.worker.TrafficFlowWorker    pcap.breakloop()
2018-03-25 16:56:12 INFO  cic.cs.unb.ca.jnetpcap.worker.TrafficFlowWorker    pcap.breakloop()
2018-03-25 16:56:12 INFO  cic.cs.unb.ca.jnetpcap.worker.TrafficFlowWorker    pcap.breakloop()
2018-03-25 16:56:12 INFO  cic.cs.unb.ca.jnetpcap.worker.TrafficFlowWorker    pcap.breakloop()
2018-03-25 16:56:12 INFO  cic.cs.unb.ca.jnetpcap.worker.TrafficFlowWorker    pcap.breakloop()
2018-03-25 16:56:12 INFO  cic.cs.unb.ca.jnetpcap.worker.TrafficFlowWorker    pcap.breakloop()
2018-03-25 16:56:12 INFO  cic.cs.unb.ca.jnetpcap.worker.TrafficFlowWorker    pcap.breakloop()
2018-03-25 16:56:12 INFO  cic.cs.unb.ca.jnetpcap.worker.TrafficFlowWorker    pcap.breakloop()
2018-03-25 16:56:12 INFO  cic.cs.unb.ca.jnetpcap.worker.TrafficFlowWorker    pcap.breakloop()
2018-03-25 16:56:12 INFO  cic.cs.unb.ca.jnetpcap.worker.TrafficFlowWorker    pcap.breakloop()
2018-03-25 16:56:12 INFO  cic.cs.unb.ca.jnetpcap.worker.TrafficFlowWorker    pcap.breakloop()
2018-03-25 16:56:12 INFO  cic.cs.unb.ca.jnetpcap.worker.TrafficFlowWorker    pcap.breakloop()
2018-03-25 16:56:12 INFO  cic.cs.unb.ca.jnetpcap.worker.TrafficFlowWorker    pcap.breakloop()
2018-03-25 16:56:12 INFO  cic.cs.unb.ca.jnetpcap.worker.TrafficFlowWorker    pcap.breakloop()
2018-03-25 16:56:12 INFO  cic.cs.unb.ca.jnetpcap.worker.TrafficFlowWorker    pcap.breakloop()
2018-03-25 16:56:12 INFO  cic.cs.unb.ca.jnetpcap.worker.TrafficFlowWorker    pcap.breakloop()
2018-03-25 16:56:12 INFO  cic.cs.unb.ca.jnetpcap.worker.TrafficFlowWorker    pcap.breakloop()
2018-03-25 16:56:12 INFO  cic.cs.unb.ca.jnetpcap.worker.TrafficFlowWorker    pcap.breakloop()
2018-03-25 16:56:12 INFO  cic.cs.unb.ca.jnetpcap.worker.TrafficFlowWorker    pcap.breakloop()
2018-03-25 16:56:12 INFO  cic.cs.unb.ca.jnetpcap.worker.TrafficFlowWorker    pcap.breakloop()
2018-03-25 16:56:12 INFO  cic.cs.unb.ca.jnetpcap.worker.TrafficFlowWorker    pcap.breakloop()
2018-03-25 16:56:12 INFO  cic.cs.unb.ca.jnetpcap.worker.TrafficFlowWorker    pcap.breakloop()
2018-03-25 16:56:12 INFO  cic.cs.unb.ca.jnetpcap.worker.TrafficFlowWorker    pcap.breakloop()
2018-03-25 16:56:12 INFO  cic.cs.unb.ca.jnetpcap.worker.TrafficFlowWorker    pcap.breakloop()
2018-03-25 16:56:12 INFO  cic.cs.unb.ca.jnetpcap.worker.TrafficFlowWorker    pcap.breakloop()
2018-03-25 16:56:12 INFO  cic.cs.unb.ca.jnetpcap.worker.TrafficFlowWorker    pcap.breakloop()
2018-03-25 16:56:12 INFO  cic.cs.unb.ca.jnetpcap.worker.TrafficFlowWorker    pcap.breakloop()
2018-03-25 16:56:12 INFO  cic.cs.unb.ca.jnetpcap.worker.TrafficFlowWorker    pcap.breakloop()
2018-03-25 16:56:12 INFO  cic.cs.unb.ca.jnetpcap.worker.TrafficFlowWorker    pcap.breakloop()
2018-03-25 16:56:12 INFO  cic.cs.unb.ca.jnetpcap.worker.TrafficFlowWorker    pcap.breakloop()
2018-03-25 16:56:12 INFO  cic.cs.unb.ca.jnetpcap.worker.TrafficFlowWorker    pcap.breakloop()
2018-03-25 16:56:12 INFO  cic.cs.unb.ca.jnetpcap.worker.TrafficFlowWorker    pcap.breakloop()
2018-03-25 16:56:12 INFO  cic.cs.unb.ca.jnetpcap.worker.TrafficFlowWorker    pcap.breakloop()
2018-03-25 16:56:12 INFO  cic.cs.unb.ca.jnetpcap.worker.TrafficFlowWorker    pcap.breakloop()
2018-03-25 16:56:12 INFO  cic.cs.unb.ca.jnetpcap.worker.TrafficFlowWorker    pcap.breakloop()
2018-03-25 16:56:12 INFO  cic.cs.unb.ca.jnetpcap.worker.TrafficFlowWorker    pcap.breakloop()
2018-03-25 16:56:12 INFO  cic.cs.unb.ca.jnetpcap.worker.TrafficFlowWorker    pcap.breakloop()
2018-03-25 16:56:12 INFO  cic.cs.unb.ca.jnetpcap.worker.TrafficFlowWorker    pcap.breakloop()
2018-03-25 16:56:12 INFO  cic.cs.unb.ca.jnetpcap.worker.TrafficFlowWorker    pcap.breakloop()
2018-03-25 16:56:12 INFO  cic.cs.unb.ca.jnetpcap.worker.TrafficFlowWorker    pcap.breakloop()
2018-03-25 16:56:12 INFO  cic.cs.unb.ca.jnetpcap.worker.TrafficFlowWorker    pcap.breakloop()
2018-03-25 16:56:12 INFO  cic.cs.unb.ca.jnetpcap.worker.TrafficFlowWorker    pcap.breakloop()
2018-03-25 16:56:12 INFO  cic.cs.unb.ca.jnetpcap.worker.TrafficFlowWorker    pcap.breakloop()
2018-03-25 16:56:12 INFO  cic.cs.unb.ca.jnetpcap.worker.TrafficFlowWorker    pcap.breakloop()
2018-03-25 16:56:12 INFO  cic.cs.unb.ca.jnetpcap.worker.TrafficFlowWorker    pcap.breakloop()
2018-03-25 16:56:12 INFO  cic.cs.unb.ca.jnetpcap.worker.TrafficFlowWorker    pcap.breakloop()
2018-03-25 16:56:12 INFO  cic.cs.unb.ca.jnetpcap.worker.TrafficFlowWorker    pcap.breakloop()
2018-03-25 16:56:12 INFO  cic.cs.unb.ca.jnetpcap.worker.TrafficFlowWorker    pcap.breakloop()
2018-03-25 16:56:12 INFO  cic.cs.unb.ca.jnetpcap.worker.TrafficFlowWorker    pcap.breakloop()
2018-03-25 16:56:12 INFO  cic.cs.unb.ca.jnetpcap.worker.TrafficFlowWorker    pcap.breakloop()
2018-03-25 16:56:12 INFO  cic.cs.unb.ca.jnetpcap.worker.TrafficFlowWorker    pcap.breakloop()
2018-03-25 16:56:12 INFO  cic.cs.unb.ca.jnetpcap.worker.TrafficFlowWorker    pcap.breakloop()
2018-03-25 16:56:12 INFO  cic.cs.unb.ca.jnetpcap.worker.TrafficFlowWorker    pcap.breakloop()
2018-03-25 16:56:12 INFO  cic.cs.unb.ca.jnetpcap.worker.TrafficFlowWorker    pcap.breakloop()
2018-03-25 16:56:12 INFO  cic.cs.unb.ca.jnetpcap.worker.TrafficFlowWorker    pcap.breakloop()
2018-03-25 16:56:12 INFO  cic.cs.unb.ca.jnetpcap.worker.TrafficFlowWorker    pcap.breakloop()
2018-03-25 16:56:12 INFO  cic.cs.unb.ca.jnetpcap.worker.TrafficFlowWorker    pcap.breakloop()
2018-03-25 16:56:12 INFO  cic.cs.unb.ca.jnetpcap.worker.TrafficFlowWorker    pcap.breakloop()
2018-03-25 16:56:12 INFO  cic.cs.unb.ca.jnetpcap.worker.TrafficFlowWorker    pcap.breakloop()
2018-03-25 16:56:12 INFO  cic.cs.unb.ca.jnetpcap.worker.TrafficFlowWorker    pcap.breakloop()
2018-03-25 16:56:12 INFO  cic.cs.unb.ca.jnetpcap.worker.TrafficFlowWorker    pcap.breakloop()
2018-03-25 16:56:12 INFO  cic.cs.unb.ca.jnetpcap.worker.TrafficFlowWorker    pcap.breakloop()
2018-03-25 16:56:12 INFO  cic.cs.unb.ca.jnetpcap.worker.TrafficFlowWorker    pcap.breakloop()
2018-03-25 16:56:12 INFO  cic.cs.unb.ca.jnetpcap.worker.TrafficFlowWorker    pcap.breakloop()
2018-03-25 16:56:12 INFO  cic.cs.unb.ca.jnetpcap.worker.TrafficFlowWorker    pcap.breakloop()
2018-03-25 16:56:12 INFO  cic.cs.unb.ca.jnetpcap.worker.TrafficFlowWorker    pcap.breakloop()
2018-03-25 16:56:12 INFO  cic.cs.unb.ca.jnetpcap.worker.TrafficFlowWorker    pcap.breakloop()
2018-03-25 16:56:12 INFO  cic.cs.unb.ca.jnetpcap.worker.TrafficFlowWorker    pcap.breakloop()
2018-03-25 16:56:12 INFO  cic.cs.unb.ca.jnetpcap.worker.TrafficFlowWorker    pcap.breakloop()
2018-03-25 16:56:12 INFO  cic.cs.unb.ca.jnetpcap.worker.TrafficFlowWorker    pcap.breakloop()
2018-03-25 16:56:12 INFO  cic.cs.unb.ca.jnetpcap.worker.TrafficFlowWorker    pcap.breakloop()
2018-03-25 16:56:12 INFO  cic.cs.unb.ca.jnetpcap.worker.TrafficFlowWorker    pcap.breakloop()
2018-03-25 16:56:12 INFO  cic.cs.unb.ca.jnetpcap.worker.TrafficFlowWorker    pcap.breakloop()
2018-03-25 16:56:12 INFO  cic.cs.unb.ca.jnetpcap.worker.TrafficFlowWorker    pcap.breakloop()
2018-03-25 16:56:12 INFO  cic.cs.unb.ca.jnetpcap.worker.TrafficFlowWorker    pcap.breakloop()
2018-03-25 16:56:12 INFO  cic.cs.unb.ca.jnetpcap.worker.TrafficFlowWorker    pcap.breakloop()
2018-03-25 16:56:12 INFO  cic.cs.unb.ca.jnetpcap.worker.TrafficFlowWorker    pcap.breakloop()
2018-03-25 16:56:12 INFO  cic.cs.unb.ca.jnetpcap.worker.TrafficFlowWorker    pcap.breakloop()
2018-03-25 16:56:12 INFO  cic.cs.unb.ca.jnetpcap.worker.TrafficFlowWorker    pcap.breakloop()
2018-03-25 16:56:12 INFO  cic.cs.unb.ca.jnetpcap.worker.TrafficFlowWorker    pcap.breakloop()
2018-03-25 16:56:12 INFO  cic.cs.unb.ca.jnetpcap.worker.TrafficFlowWorker    pcap.breakloop()
2018-03-25 16:56:12 INFO  cic.cs.unb.ca.jnetpcap.worker.TrafficFlowWorker    pcap.breakloop()
2018-03-25 16:56:12 INFO  cic.cs.unb.ca.jnetpcap.worker.TrafficFlowWorker    pcap.breakloop()
2018-03-25 16:56:12 INFO  cic.cs.unb.ca.jnetpcap.worker.TrafficFlowWorker    pcap.breakloop()
2018-03-25 16:56:12 INFO  cic.cs.unb.ca.jnetpcap.worker.TrafficFlowWorker    pcap.breakloop()
2018-03-25 16:56:12 INFO  cic.cs.unb.ca.jnetpcap.worker.TrafficFlowWorker    pcap.breakloop()
2018-03-25 16:56:12 INFO  cic.cs.unb.ca.jnetpcap.worker.TrafficFlowWorker    pcap.breakloop()
2018-03-25 16:56:12 INFO  cic.cs.unb.ca.jnetpcap.worker.TrafficFlowWorker    pcap.breakloop()
2018-03-25 16:56:12 INFO  cic.cs.unb.ca.jnetpcap.worker.TrafficFlowWorker    pcap.breakloop()
2018-03-25 16:56:12 INFO  cic.cs.unb.ca.jnetpcap.worker.TrafficFlowWorker    pcap.breakloop()
2018-03-25 16:56:12 INFO  cic.cs.unb.ca.jnetpcap.worker.TrafficFlowWorker    pcap.breakloop()
2018-03-25 16:56:12 INFO  cic.cs.unb.ca.jnetpcap.worker.TrafficFlowWorker    pcap.breakloop()
2018-03-25 16:56:12 INFO  cic.cs.unb.ca.jnetpcap.worker.TrafficFlowWorker    pcap.breakloop()
2018-03-25 16:56:12 INFO  cic.cs.unb.ca.jnetpcap.worker.TrafficFlowWorker    pcap.breakloop()
2018-03-25 16:56:12 INFO  cic.cs.unb.ca.jnetpcap.worker.TrafficFlowWorker    pcap.breakloop()
2018-03-25 16:56:12 INFO  cic.cs.unb.ca.jnetpcap.worker.TrafficFlowWorker    pcap.breakloop()
2018-03-25 16:56:12 INFO  cic.cs.unb.ca.jnetpcap.worker.TrafficFlowWorker    pcap.breakloop()
2018-03-25 16:56:12 INFO  cic.cs.unb.ca.jnetpcap.worker.TrafficFlowWorker    pcap.breakloop()
2018-03-25 16:56:12 INFO  cic.cs.unb.ca.jnetpcap.worker.TrafficFlowWorker    pcap.breakloop()
2018-03-25 16:56:12 INFO  cic.cs.unb.ca.jnetpcap.worker.TrafficFlowWorker    pcap.breakloop()
2018-03-25 16:56:12 INFO  cic.cs.unb.ca.jnetpcap.worker.TrafficFlowWorker    pcap.breakloop()
2018-03-25 16:56:12 INFO  cic.cs.unb.ca.jnetpcap.worker.TrafficFlowWorker    pcap.breakloop()
2018-03-25 16:56:12 INFO  cic.cs.unb.ca.jnetpcap.worker.TrafficFlowWorker    pcap.breakloop()
2018-03-25 16:56:12 INFO  cic.cs.unb.ca.jnetpcap.worker.TrafficFlowWorker    pcap.breakloop()
2018-03-25 16:56:12 INFO  cic.cs.unb.ca.jnetpcap.worker.TrafficFlowWorker    pcap.breakloop()
2018-03-25 16:56:12 INFO  cic.cs.unb.ca.jnetpcap.worker.TrafficFlowWorker    pcap.breakloop()
2018-03-25 16:56:12 INFO  cic.cs.unb.ca.jnetpcap.worker.TrafficFlowWorker    pcap.breakloop()
2018-03-25 16:56:12 INFO  cic.cs.unb.ca.jnetpcap.worker.TrafficFlowWorker    pcap.breakloop()
2018-03-25 16:56:12 INFO  cic.cs.unb.ca.jnetpcap.worker.TrafficFlowWorker    pcap.breakloop()
2018-03-25 16:56:12 INFO  cic.cs.unb.ca.jnetpcap.worker.TrafficFlowWorker    pcap.breakloop()
2018-03-25 16:56:12 INFO  cic.cs.unb.ca.jnetpcap.worker.TrafficFlowWorker    pcap.breakloop()
2018-03-25 16:56:12 INFO  cic.cs.unb.ca.jnetpcap.worker.TrafficFlowWorker    pcap.breakloop()
2018-03-25 16:56:12 INFO  cic.cs.unb.ca.jnetpcap.worker.TrafficFlowWorker    pcap.breakloop()
2018-03-25 16:56:12 INFO  cic.cs.unb.ca.jnetpcap.worker.TrafficFlowWorker    pcap.breakloop()
2018-03-25 16:56:12 INFO  cic.cs.unb.ca.jnetpcap.worker.TrafficFlowWorker    pcap.breakloop()
2018-03-25 16:56:12 INFO  cic.cs.unb.ca.jnetpcap.worker.TrafficFlowWorker    pcap.breakloop()
2018-03-25 16:56:12 INFO  cic.cs.unb.ca.jnetpcap.worker.TrafficFlowWorker    pcap.breakloop()
2018-03-25 16:56:12 INFO  cic.cs.unb.ca.jnetpcap.worker.TrafficFlowWorker    pcap.breakloop()
2018-03-25 16:56:12 INFO  cic.cs.unb.ca.jnetpcap.worker.TrafficFlowWorker    pcap.breakloop()
2018-03-25 16:56:12 INFO  cic.cs.unb.ca.jnetpcap.worker.TrafficFlowWorker    pcap.breakloop()
2018-03-25 16:56:12 INFO  cic.cs.unb.ca.jnetpcap.worker.TrafficFlowWorker    pcap.breakloop()
2018-03-25 16:56:12 INFO  cic.cs.unb.ca.jnetpcap.worker.TrafficFlowWorker    pcap.breakloop()
2018-03-25 16:56:12 INFO  cic.cs.unb.ca.jnetpcap.worker.TrafficFlowWorker    pcap.breakloop()
2018-03-25 16:56:12 INFO  cic.cs.unb.ca.jnetpcap.worker.TrafficFlowWorker    pcap.breakloop()
2018-03-25 16:56:12 INFO  cic.cs.unb.ca.jnetpcap.worker.TrafficFlowWorker    pcap.breakloop()
2018-03-25 16:56:12 INFO  cic.cs.unb.ca.jnetpcap.worker.TrafficFlowWorker    pcap.breakloop()
2018-03-25 16:56:12 INFO  cic.cs.unb.ca.jnetpcap.worker.TrafficFlowWorker    pcap.breakloop()
2018-03-25 16:56:12 INFO  cic.cs.unb.ca.jnetpcap.worker.TrafficFlowWorker    pcap.breakloop()
2018-03-25 16:56:12 INFO  cic.cs.unb.ca.jnetpcap.worker.TrafficFlowWorker    pcap.breakloop()
2018-03-25 16:56:12 INFO  cic.cs.unb.ca.jnetpcap.worker.TrafficFlowWorker    pcap.breakloop()
2018-03-25 16:56:12 INFO  cic.cs.unb.ca.jnetpcap.worker.TrafficFlowWorker    pcap.breakloop()
2018-03-25 16:56:12 INFO  cic.cs.unb.ca.jnetpcap.worker.TrafficFlowWorker    pcap.breakloop()
2018-03-25 16:56:12 INFO  cic.cs.unb.ca.jnetpcap.worker.TrafficFlowWorker    pcap.breakloop()
2018-03-25 16:56:12 INFO  cic.cs.unb.ca.jnetpcap.worker.TrafficFlowWorker    pcap.breakloop()
2018-03-25 16:56:12 INFO  cic.cs.unb.ca.jnetpcap.worker.TrafficFlowWorker    pcap.breakloop()
2018-03-25 16:56:12 INFO  cic.cs.unb.ca.jnetpcap.worker.TrafficFlowWorker    pcap.breakloop()
2018-03-25 16:56:12 INFO  cic.cs.unb.ca.jnetpcap.worker.TrafficFlowWorker    pcap.breakloop()
2018-03-25 16:56:12 INFO  cic.cs.unb.ca.jnetpcap.worker.TrafficFlowWorker    pcap.breakloop()
2018-03-25 16:56:12 INFO  cic.cs.unb.ca.jnetpcap.worker.TrafficFlowWorker    pcap.breakloop()
2018-03-25 16:56:12 INFO  cic.cs.unb.ca.jnetpcap.worker.TrafficFlowWorker    pcap.breakloop()
2018-03-25 16:56:12 INFO  cic.cs.unb.ca.jnetpcap.worker.TrafficFlowWorker    pcap.breakloop()
2018-03-25 16:56:12 INFO  cic.cs.unb.ca.jnetpcap.worker.TrafficFlowWorker    pcap.breakloop()
2018-03-25 16:56:12 INFO  cic.cs.unb.ca.jnetpcap.worker.TrafficFlowWorker    pcap.breakloop()
2018-03-25 16:56:12 INFO  cic.cs.unb.ca.jnetpcap.worker.TrafficFlowWorker    pcap.breakloop()
2018-03-25 16:56:12 INFO  cic.cs.unb.ca.jnetpcap.worker.TrafficFlowWorker    pcap.breakloop()
2018-03-25 16:56:12 INFO  cic.cs.unb.ca.jnetpcap.worker.TrafficFlowWorker    pcap.breakloop()
2018-03-25 16:56:12 INFO  cic.cs.unb.ca.jnetpcap.worker.TrafficFlowWorker    pcap.breakloop()
2018-03-25 16:56:12 INFO  cic.cs.unb.ca.jnetpcap.worker.TrafficFlowWorker    pcap.breakloop()
2018-03-25 16:56:12 INFO  cic.cs.unb.ca.jnetpcap.worker.TrafficFlowWorker    pcap.breakloop()
2018-03-25 16:56:12 INFO  cic.cs.unb.ca.jnetpcap.worker.TrafficFlowWorker    pcap.breakloop()
2018-03-25 16:56:12 INFO  cic.cs.unb.ca.jnetpcap.worker.TrafficFlowWorker    pcap.breakloop()
2018-03-25 16:56:12 INFO  cic.cs.unb.ca.jnetpcap.worker.TrafficFlowWorker    pcap.breakloop()
2018-03-25 16:56:12 INFO  cic.cs.unb.ca.jnetpcap.worker.TrafficFlowWorker    pcap.breakloop()
2018-03-25 16:56:12 INFO  cic.cs.unb.ca.jnetpcap.worker.TrafficFlowWorker    pcap.breakloop()
2018-03-25 16:56:12 INFO  cic.cs.unb.ca.jnetpcap.worker.TrafficFlowWorker    pcap.breakloop()
2018-03-25 16:56:12 INFO  cic.cs.unb.ca.jnetpcap.worker.TrafficFlowWorker    pcap.breakloop()
2018-03-25 16:56:12 INFO  cic.cs.unb.ca.jnetpcap.worker.TrafficFlowWorker    pcap.breakloop()
2018-03-25 16:56:12 INFO  cic.cs.unb.ca.jnetpcap.worker.TrafficFlowWorker    pcap.breakloop()
2018-03-25 16:56:12 INFO  cic.cs.unb.ca.jnetpcap.worker.TrafficFlowWorker    pcap.breakloop()
2018-03-25 16:56:12 INFO  cic.cs.unb.ca.jnetpcap.worker.TrafficFlowWorker    pcap.breakloop()
2018-03-25 16:56:12 INFO  cic.cs.unb.ca.jnetpcap.worker.TrafficFlowWorker    pcap.breakloop()
2018-03-25 16:56:12 INFO  cic.cs.unb.ca.jnetpcap.worker.TrafficFlowWorker    pcap.breakloop()
2018-03-25 16:56:12 INFO  cic.cs.unb.ca.jnetpcap.worker.TrafficFlowWorker    pcap.breakloop()
2018-03-25 16:56:12 INFO  cic.cs.unb.ca.jnetpcap.worker.TrafficFlowWorker    pcap.breakloop()
2018-03-25 16:56:12 INFO  cic.cs.unb.ca.jnetpcap.worker.TrafficFlowWorker    pcap.breakloop()
2018-03-25 16:56:12 INFO  cic.cs.unb.ca.jnetpcap.worker.TrafficFlowWorker    pcap.breakloop()
2018-03-25 16:56:12 INFO  cic.cs.unb.ca.jnetpcap.worker.TrafficFlowWorker    pcap.breakloop()
2018-03-25 16:56:12 INFO  cic.cs.unb.ca.jnetpcap.worker.TrafficFlowWorker    pcap.breakloop()
2018-03-25 16:56:12 INFO  cic.cs.unb.ca.jnetpcap.worker.TrafficFlowWorker    pcap.breakloop()
2018-03-25 16:56:12 INFO  cic.cs.unb.ca.jnetpcap.worker.TrafficFlowWorker    pcap.breakloop()
2018-03-25 16:56:12 INFO  cic.cs.unb.ca.jnetpcap.worker.TrafficFlowWorker    pcap.breakloop()
2018-03-25 16:56:12 INFO  cic.cs.unb.ca.jnetpcap.worker.TrafficFlowWorker    pcap.breakloop()
2018-03-25 16:56:12 INFO  cic.cs.unb.ca.jnetpcap.worker.TrafficFlowWorker    pcap.breakloop()
2018-03-25 16:56:12 INFO  cic.cs.unb.ca.jnetpcap.worker.TrafficFlowWorker    pcap.breakloop()
2018-03-25 16:56:12 INFO  cic.cs.unb.ca.jnetpcap.worker.TrafficFlowWorker    pcap.breakloop()
2018-03-25 16:56:12 INFO  cic.cs.unb.ca.jnetpcap.worker.TrafficFlowWorker    pcap.breakloop()
2018-03-25 16:56:12 INFO  cic.cs.unb.ca.jnetpcap.worker.TrafficFlowWorker    pcap.breakloop()
2018-03-25 16:56:12 INFO  cic.cs.unb.ca.jnetpcap.worker.TrafficFlowWorker    pcap.breakloop()
2018-03-25 16:56:12 INFO  cic.cs.unb.ca.jnetpcap.worker.TrafficFlowWorker    pcap.breakloop()
2018-03-25 16:56:12 INFO  cic.cs.unb.ca.jnetpcap.worker.TrafficFlowWorker    pcap.breakloop()
2018-03-25 16:56:12 INFO  cic.cs.unb.ca.jnetpcap.worker.TrafficFlowWorker    pcap.breakloop()
2018-03-25 16:56:12 INFO  cic.cs.unb.ca.jnetpcap.worker.TrafficFlowWorker    pcap.breakloop()
2018-03-25 16:56:12 INFO  cic.cs.unb.ca.jnetpcap.worker.TrafficFlowWorker    pcap.breakloop()
2018-03-25 16:56:12 INFO  cic.cs.unb.ca.jnetpcap.worker.TrafficFlowWorker    pcap.breakloop()
2018-03-25 16:56:12 INFO  cic.cs.unb.ca.jnetpcap.worker.TrafficFlowWorker    pcap.breakloop()
2018-03-25 16:56:12 INFO  cic.cs.unb.ca.jnetpcap.worker.TrafficFlowWorker    pcap.breakloop()
2018-03-25 16:56:12 INFO  cic.cs.unb.ca.jnetpcap.worker.TrafficFlowWorker    pcap.breakloop()
2018-03-25 16:56:12 INFO  cic.cs.unb.ca.jnetpcap.worker.TrafficFlowWorker    pcap.breakloop()
2018-03-25 16:56:12 INFO  cic.cs.unb.ca.jnetpcap.worker.TrafficFlowWorker    pcap.breakloop()
2018-03-25 16:56:12 INFO  cic.cs.unb.ca.jnetpcap.worker.TrafficFlowWorker    pcap.breakloop()
2018-03-25 16:56:12 INFO  cic.cs.unb.ca.jnetpcap.worker.TrafficFlowWorker    pcap.breakloop()
2018-03-25 16:56:12 INFO  cic.cs.unb.ca.jnetpcap.worker.TrafficFlowWorker    pcap.breakloop()
2018-03-25 16:56:12 INFO  cic.cs.unb.ca.jnetpcap.worker.TrafficFlowWorker    pcap.breakloop()
2018-03-25 16:56:12 INFO  cic.cs.unb.ca.jnetpcap.worker.TrafficFlowWorker    pcap.breakloop()
2018-03-25 16:56:12 INFO  cic.cs.unb.ca.jnetpcap.worker.TrafficFlowWorker    pcap.breakloop()
2018-03-25 16:56:12 INFO  cic.cs.unb.ca.jnetpcap.worker.TrafficFlowWorker    pcap.breakloop()
2018-03-25 16:56:12 INFO  cic.cs.unb.ca.jnetpcap.worker.TrafficFlowWorker    pcap.breakloop()
2018-03-25 16:56:12 INFO  cic.cs.unb.ca.jnetpcap.worker.TrafficFlowWorker    pcap.breakloop()
2018-03-25 16:56:12 INFO  cic.cs.unb.ca.jnetpcap.worker.TrafficFlowWorker    pcap.breakloop()
2018-03-25 16:56:12 INFO  cic.cs.unb.ca.jnetpcap.worker.TrafficFlowWorker    pcap.breakloop()
2018-03-25 16:56:12 INFO  cic.cs.unb.ca.jnetpcap.worker.TrafficFlowWorker    pcap.breakloop()
2018-03-25 16:56:12 INFO  cic.cs.unb.ca.jnetpcap.worker.TrafficFlowWorker    pcap.breakloop()
2018-03-25 16:56:12 INFO  cic.cs.unb.ca.jnetpcap.worker.TrafficFlowWorker    pcap.breakloop()
2018-03-25 16:56:12 INFO  cic.cs.unb.ca.jnetpcap.worker.TrafficFlowWorker    pcap.breakloop()
2018-03-25 16:56:12 INFO  cic.cs.unb.ca.jnetpcap.worker.TrafficFlowWorker    pcap.breakloop()
2018-03-25 16:56:12 INFO  cic.cs.unb.ca.jnetpcap.worker.TrafficFlowWorker    pcap.breakloop()
2018-03-25 16:56:12 INFO  cic.cs.unb.ca.jnetpcap.worker.TrafficFlowWorker    pcap.breakloop()
2018-03-25 16:56:12 INFO  cic.cs.unb.ca.jnetpcap.worker.TrafficFlowWorker    pcap.breakloop()
2018-03-25 16:56:12 INFO  cic.cs.unb.ca.jnetpcap.worker.TrafficFlowWorker    pcap.breakloop()
2018-03-25 16:56:12 INFO  cic.cs.unb.ca.jnetpcap.worker.TrafficFlowWorker    pcap.breakloop()
2018-03-25 16:56:12 INFO  cic.cs.unb.ca.jnetpcap.worker.TrafficFlowWorker    pcap.breakloop()
2018-03-25 16:56:12 INFO  cic.cs.unb.ca.jnetpcap.worker.TrafficFlowWorker    pcap.breakloop()
2018-03-25 16:56:12 INFO  cic.cs.unb.ca.jnetpcap.worker.TrafficFlowWorker    pcap.breakloop()
2018-03-25 16:56:12 INFO  cic.cs.unb.ca.jnetpcap.worker.TrafficFlowWorker    pcap.breakloop()
2018-03-25 16:56:12 INFO  cic.cs.unb.ca.jnetpcap.worker.TrafficFlowWorker    pcap.breakloop()
2018-03-25 16:56:12 INFO  cic.cs.unb.ca.jnetpcap.worker.TrafficFlowWorker    pcap.breakloop()
2018-03-25 16:56:12 INFO  cic.cs.unb.ca.jnetpcap.worker.TrafficFlowWorker    pcap.breakloop()
2018-03-25 16:56:12 INFO  cic.cs.unb.ca.jnetpcap.worker.TrafficFlowWorker    pcap.breakloop()
2018-03-25 16:56:12 INFO  cic.cs.unb.ca.jnetpcap.worker.TrafficFlowWorker    pcap.breakloop()
2018-03-25 16:56:12 INFO  cic.cs.unb.ca.jnetpcap.worker.TrafficFlowWorker    pcap.breakloop()
2018-03-25 16:56:12 INFO  cic.cs.unb.ca.jnetpcap.worker.TrafficFlowWorker    pcap.breakloop()
2018-03-25 16:56:12 INFO  cic.cs.unb.ca.jnetpcap.worker.TrafficFlowWorker    pcap.breakloop()
2018-03-25 16:56:12 INFO  cic.cs.unb.ca.jnetpcap.worker.TrafficFlowWorker    pcap.breakloop()
2018-03-25 16:56:12 INFO  cic.cs.unb.ca.jnetpcap.worker.TrafficFlowWorker    pcap.breakloop()
2018-03-25 16:56:12 INFO  cic.cs.unb.ca.jnetpcap.worker.TrafficFlowWorker    pcap.breakloop()
2018-03-25 16:56:12 INFO  cic.cs.unb.ca.jnetpcap.worker.TrafficFlowWorker    pcap.breakloop()
2018-03-25 16:56:12 INFO  cic.cs.unb.ca.jnetpcap.worker.TrafficFlowWorker    pcap.breakloop()
2018-03-25 16:56:12 INFO  cic.cs.unb.ca.jnetpcap.worker.TrafficFlowWorker    pcap.breakloop()
2018-03-25 16:56:12 INFO  cic.cs.unb.ca.jnetpcap.worker.TrafficFlowWorker    pcap.breakloop()
2018-03-25 16:56:12 INFO  cic.cs.unb.ca.jnetpcap.worker.TrafficFlowWorker    pcap.breakloop()
2018-03-25 16:56:12 INFO  cic.cs.unb.ca.jnetpcap.worker.TrafficFlowWorker    pcap.breakloop()
2018-03-25 16:56:12 INFO  cic.cs.unb.ca.jnetpcap.worker.TrafficFlowWorker    pcap.breakloop()
2018-03-25 16:56:12 INFO  cic.cs.unb.ca.jnetpcap.worker.TrafficFlowWorker    pcap.breakloop()
2018-03-25 16:56:12 INFO  cic.cs.unb.ca.jnetpcap.worker.TrafficFlowWorker    pcap.breakloop()
2018-03-25 16:56:12 INFO  cic.cs.unb.ca.jnetpcap.worker.TrafficFlowWorker    pcap.breakloop()
2018-03-25 16:56:12 INFO  cic.cs.unb.ca.jnetpcap.worker.TrafficFlowWorker    pcap.breakloop()
2018-03-25 16:56:12 INFO  cic.cs.unb.ca.jnetpcap.worker.TrafficFlowWorker    pcap.breakloop()
2018-03-25 16:56:12 INFO  cic.cs.unb.ca.jnetpcap.worker.TrafficFlowWorker    pcap.breakloop()
2018-03-25 16:56:12 INFO  cic.cs.unb.ca.jnetpcap.worker.TrafficFlowWorker    pcap.breakloop()
2018-03-25 16:56:12 INFO  cic.cs.unb.ca.jnetpcap.worker.TrafficFlowWorker    pcap.breakloop()
2018-03-25 16:56:12 INFO  cic.cs.unb.ca.jnetpcap.worker.TrafficFlowWorker    pcap.breakloop()
2018-03-25 16:56:12 INFO  cic.cs.unb.ca.jnetpcap.worker.TrafficFlowWorker    pcap.breakloop()
2018-03-25 16:56:12 INFO  cic.cs.unb.ca.jnetpcap.worker.TrafficFlowWorker    pcap.breakloop()
2018-03-25 16:56:12 INFO  cic.cs.unb.ca.jnetpcap.worker.TrafficFlowWorker    pcap.breakloop()
2018-03-25 16:56:12 INFO  cic.cs.unb.ca.jnetpcap.worker.TrafficFlowWorker    pcap.breakloop()
2018-03-25 16:56:12 INFO  cic.cs.unb.ca.jnetpcap.worker.TrafficFlowWorker    pcap.breakloop()
2018-03-25 16:56:12 INFO  cic.cs.unb.ca.jnetpcap.worker.TrafficFlowWorker    pcap.breakloop()
2018-03-25 16:56:12 INFO  cic.cs.unb.ca.jnetpcap.worker.TrafficFlowWorker    pcap.breakloop()
2018-03-25 16:56:12 DEBUG cic.cs.unb.ca.jnetpcap.FlowGenerator    FlagFIN current has 456 flow
2018-03-25 16:56:12 INFO  cic.cs.unb.ca.jnetpcap.worker.TrafficFlowWorker    pcap.breakloop()
2018-03-25 16:56:12 INFO  cic.cs.unb.ca.jnetpcap.worker.TrafficFlowWorker    pcap.breakloop()
2018-03-25 16:56:12 INFO  cic.cs.unb.ca.jnetpcap.worker.TrafficFlowWorker    pcap.breakloop()
2018-03-25 16:56:12 INFO  cic.cs.unb.ca.jnetpcap.worker.TrafficFlowWorker    pcap.breakloop()
2018-03-25 16:56:12 INFO  cic.cs.unb.ca.jnetpcap.worker.TrafficFlowWorker    pcap.breakloop()
2018-03-25 16:56:12 INFO  cic.cs.unb.ca.jnetpcap.worker.TrafficFlowWorker    pcap.breakloop()
2018-03-25 16:56:12 INFO  cic.cs.unb.ca.jnetpcap.worker.TrafficFlowWorker    pcap.breakloop()
2018-03-25 16:56:12 INFO  cic.cs.unb.ca.jnetpcap.worker.TrafficFlowWorker    pcap.breakloop()
2018-03-25 16:56:12 INFO  cic.cs.unb.ca.jnetpcap.worker.TrafficFlowWorker    pcap.breakloop()
2018-03-25 16:56:12 INFO  cic.cs.unb.ca.jnetpcap.worker.TrafficFlowWorker    pcap.breakloop()
2018-03-25 16:56:12 INFO  cic.cs.unb.ca.jnetpcap.worker.TrafficFlowWorker    pcap.breakloop()
2018-03-25 16:56:12 DEBUG cic.cs.unb.ca.jnetpcap.FlowGenerator    FlagFIN current has 456 flow
2018-03-25 16:56:12 INFO  cic.cs.unb.ca.jnetpcap.worker.TrafficFlowWorker    pcap.breakloop()
2018-03-25 16:56:12 INFO  cic.cs.unb.ca.jnetpcap.worker.TrafficFlowWorker    pcap.breakloop()
2018-03-25 16:56:12 INFO  cic.cs.unb.ca.jnetpcap.worker.TrafficFlowWorker    pcap.breakloop()
2018-03-25 16:56:12 INFO  cic.cs.unb.ca.jnetpcap.worker.TrafficFlowWorker    pcap.breakloop()
2018-03-25 16:56:12 INFO  cic.cs.unb.ca.jnetpcap.worker.TrafficFlowWorker    pcap.breakloop()
2018-03-25 16:56:12 INFO  cic.cs.unb.ca.jnetpcap.worker.TrafficFlowWorker    pcap.breakloop()
2018-03-25 16:56:12 INFO  cic.cs.unb.ca.jnetpcap.worker.TrafficFlowWorker    pcap.breakloop()
2018-03-25 16:56:12 INFO  cic.cs.unb.ca.jnetpcap.worker.TrafficFlowWorker    pcap.breakloop()
2018-03-25 16:56:12 INFO  cic.cs.unb.ca.jnetpcap.worker.TrafficFlowWorker    pcap.breakloop()
2018-03-25 16:56:12 INFO  cic.cs.unb.ca.jnetpcap.worker.TrafficFlowWorker    pcap.breakloop()
2018-03-25 16:56:12 INFO  cic.cs.unb.ca.jnetpcap.worker.TrafficFlowWorker    pcap.breakloop()
2018-03-25 16:56:12 INFO  cic.cs.unb.ca.jnetpcap.worker.TrafficFlowWorker    pcap.breakloop()
2018-03-25 16:56:12 INFO  cic.cs.unb.ca.jnetpcap.worker.TrafficFlowWorker    pcap.breakloop()
2018-03-25 16:56:12 INFO  cic.cs.unb.ca.jnetpcap.worker.TrafficFlowWorker    pcap.breakloop()
2018-03-25 16:56:12 INFO  cic.cs.unb.ca.jnetpcap.worker.TrafficFlowWorker    pcap.breakloop()
2018-03-25 16:56:12 INFO  cic.cs.unb.ca.jnetpcap.worker.TrafficFlowWorker    pcap.breakloop()
2018-03-25 16:56:12 INFO  cic.cs.unb.ca.jnetpcap.worker.TrafficFlowWorker    pcap.breakloop()
2018-03-25 16:56:12 INFO  cic.cs.unb.ca.jnetpcap.worker.TrafficFlowWorker    pcap.breakloop()
2018-03-25 16:56:12 INFO  cic.cs.unb.ca.jnetpcap.worker.TrafficFlowWorker    pcap.breakloop()
2018-03-25 16:56:12 INFO  cic.cs.unb.ca.jnetpcap.worker.TrafficFlowWorker    pcap.breakloop()
2018-03-25 16:56:12 INFO  cic.cs.unb.ca.jnetpcap.worker.TrafficFlowWorker    pcap.breakloop()
2018-03-25 16:56:12 INFO  cic.cs.unb.ca.jnetpcap.worker.TrafficFlowWorker    pcap.breakloop()
2018-03-25 16:56:12 INFO  cic.cs.unb.ca.jnetpcap.worker.TrafficFlowWorker    pcap.breakloop()
2018-03-25 16:56:12 INFO  cic.cs.unb.ca.jnetpcap.worker.TrafficFlowWorker    pcap.breakloop()
2018-03-25 16:56:12 INFO  cic.cs.unb.ca.jnetpcap.worker.TrafficFlowWorker    pcap.breakloop()
2018-03-25 16:56:12 INFO  cic.cs.unb.ca.jnetpcap.worker.TrafficFlowWorker    pcap.breakloop()
2018-03-25 16:56:12 INFO  cic.cs.unb.ca.jnetpcap.worker.TrafficFlowWorker    pcap.breakloop()
2018-03-25 16:56:12 INFO  cic.cs.unb.ca.jnetpcap.worker.TrafficFlowWorker    pcap.breakloop()
2018-03-25 16:56:12 INFO  cic.cs.unb.ca.jnetpcap.worker.TrafficFlowWorker    pcap.breakloop()
2018-03-25 16:56:12 INFO  cic.cs.unb.ca.jnetpcap.worker.TrafficFlowWorker    pcap.breakloop()
2018-03-25 16:56:12 INFO  cic.cs.unb.ca.jnetpcap.worker.TrafficFlowWorker    pcap.breakloop()
2018-03-25 16:56:12 INFO  cic.cs.unb.ca.jnetpcap.worker.TrafficFlowWorker    pcap.breakloop()
2018-03-25 16:56:12 INFO  cic.cs.unb.ca.jnetpcap.worker.TrafficFlowWorker    pcap.breakloop()
2018-03-25 16:56:12 INFO  cic.cs.unb.ca.jnetpcap.worker.TrafficFlowWorker    pcap.breakloop()
2018-03-25 16:56:12 INFO  cic.cs.unb.ca.jnetpcap.worker.TrafficFlowWorker    pcap.breakloop()
2018-03-25 16:56:12 INFO  cic.cs.unb.ca.jnetpcap.worker.TrafficFlowWorker    pcap.breakloop()
2018-03-25 16:56:12 INFO  cic.cs.unb.ca.jnetpcap.worker.TrafficFlowWorker    pcap.breakloop()
2018-03-25 16:56:12 INFO  cic.cs.unb.ca.jnetpcap.worker.TrafficFlowWorker    pcap.breakloop()
2018-03-25 16:56:12 INFO  cic.cs.unb.ca.jnetpcap.worker.TrafficFlowWorker    pcap.breakloop()
2018-03-25 16:56:12 INFO  cic.cs.unb.ca.jnetpcap.worker.TrafficFlowWorker    pcap.breakloop()
2018-03-25 16:56:12 INFO  cic.cs.unb.ca.jnetpcap.worker.TrafficFlowWorker    pcap.breakloop()
2018-03-25 16:56:12 INFO  cic.cs.unb.ca.jnetpcap.worker.TrafficFlowWorker    pcap.breakloop()
2018-03-25 16:56:12 INFO  cic.cs.unb.ca.jnetpcap.worker.TrafficFlowWorker    pcap.breakloop()
2018-03-25 16:56:12 INFO  cic.cs.unb.ca.jnetpcap.worker.TrafficFlowWorker    pcap.breakloop()
2018-03-25 16:56:12 INFO  cic.cs.unb.ca.jnetpcap.worker.TrafficFlowWorker    pcap.breakloop()
2018-03-25 16:56:12 INFO  cic.cs.unb.ca.jnetpcap.worker.TrafficFlowWorker    pcap.breakloop()
2018-03-25 16:56:12 INFO  cic.cs.unb.ca.jnetpcap.worker.TrafficFlowWorker    pcap.breakloop()
2018-03-25 16:56:12 INFO  cic.cs.unb.ca.jnetpcap.worker.TrafficFlowWorker    pcap.breakloop()
2018-03-25 16:56:12 INFO  cic.cs.unb.ca.jnetpcap.worker.TrafficFlowWorker    pcap.breakloop()
2018-03-25 16:56:12 INFO  cic.cs.unb.ca.jnetpcap.worker.TrafficFlowWorker    pcap.breakloop()
2018-03-25 16:56:12 INFO  cic.cs.unb.ca.jnetpcap.worker.TrafficFlowWorker    pcap.breakloop()
2018-03-25 16:56:12 INFO  cic.cs.unb.ca.jnetpcap.worker.TrafficFlowWorker    pcap.breakloop()
2018-03-25 16:56:12 INFO  cic.cs.unb.ca.jnetpcap.worker.TrafficFlowWorker    pcap.breakloop()
2018-03-25 16:56:12 INFO  cic.cs.unb.ca.jnetpcap.worker.TrafficFlowWorker    pcap.breakloop()
2018-03-25 16:56:12 INFO  cic.cs.unb.ca.jnetpcap.worker.TrafficFlowWorker    pcap.breakloop()
2018-03-25 16:56:12 INFO  cic.cs.unb.ca.jnetpcap.worker.TrafficFlowWorker    pcap.breakloop()
2018-03-25 16:56:12 DEBUG cic.cs.unb.ca.jnetpcap.FlowGenerator    FlagFIN current has 456 flow
2018-03-25 16:56:12 INFO  cic.cs.unb.ca.jnetpcap.worker.TrafficFlowWorker    pcap.breakloop()
2018-03-25 16:56:12 INFO  cic.cs.unb.ca.jnetpcap.worker.TrafficFlowWorker    pcap.breakloop()
2018-03-25 16:56:12 INFO  cic.cs.unb.ca.jnetpcap.worker.TrafficFlowWorker    pcap.breakloop()
2018-03-25 16:56:12 INFO  cic.cs.unb.ca.jnetpcap.worker.TrafficFlowWorker    pcap.breakloop()
2018-03-25 16:56:12 INFO  cic.cs.unb.ca.jnetpcap.worker.TrafficFlowWorker    pcap.breakloop()
2018-03-25 16:56:12 INFO  cic.cs.unb.ca.jnetpcap.worker.TrafficFlowWorker    pcap.breakloop()
2018-03-25 16:56:12 INFO  cic.cs.unb.ca.jnetpcap.worker.TrafficFlowWorker    pcap.breakloop()
2018-03-25 16:56:12 INFO  cic.cs.unb.ca.jnetpcap.worker.TrafficFlowWorker    pcap.breakloop()
2018-03-25 16:56:12 INFO  cic.cs.unb.ca.jnetpcap.worker.TrafficFlowWorker    pcap.breakloop()
2018-03-25 16:56:12 INFO  cic.cs.unb.ca.jnetpcap.worker.TrafficFlowWorker    pcap.breakloop()
2018-03-25 16:56:12 INFO  cic.cs.unb.ca.jnetpcap.worker.TrafficFlowWorker    pcap.breakloop()
2018-03-25 16:56:12 INFO  cic.cs.unb.ca.jnetpcap.worker.TrafficFlowWorker    pcap.breakloop()
2018-03-25 16:56:12 INFO  cic.cs.unb.ca.jnetpcap.worker.TrafficFlowWorker    pcap.breakloop()
2018-03-25 16:56:12 INFO  cic.cs.unb.ca.jnetpcap.worker.TrafficFlowWorker    pcap.breakloop()
2018-03-25 16:56:12 INFO  cic.cs.unb.ca.jnetpcap.worker.TrafficFlowWorker    pcap.breakloop()
2018-03-25 16:56:12 INFO  cic.cs.unb.ca.jnetpcap.worker.TrafficFlowWorker    pcap.breakloop()
2018-03-25 16:56:12 INFO  cic.cs.unb.ca.jnetpcap.worker.TrafficFlowWorker    pcap.breakloop()
2018-03-25 16:56:12 INFO  cic.cs.unb.ca.jnetpcap.worker.TrafficFlowWorker    pcap.breakloop()
2018-03-25 16:56:12 INFO  cic.cs.unb.ca.jnetpcap.worker.TrafficFlowWorker    pcap.breakloop()
2018-03-25 16:56:12 INFO  cic.cs.unb.ca.jnetpcap.worker.TrafficFlowWorker    pcap.breakloop()
2018-03-25 16:56:12 INFO  cic.cs.unb.ca.jnetpcap.worker.TrafficFlowWorker    pcap.breakloop()
2018-03-25 16:56:12 INFO  cic.cs.unb.ca.jnetpcap.worker.TrafficFlowWorker    pcap.breakloop()
2018-03-25 16:56:12 INFO  cic.cs.unb.ca.jnetpcap.worker.TrafficFlowWorker    pcap.breakloop()
2018-03-25 16:56:12 INFO  cic.cs.unb.ca.jnetpcap.worker.TrafficFlowWorker    pcap.breakloop()
2018-03-25 16:56:12 INFO  cic.cs.unb.ca.jnetpcap.worker.TrafficFlowWorker    pcap.breakloop()
2018-03-25 16:56:12 INFO  cic.cs.unb.ca.jnetpcap.worker.TrafficFlowWorker    pcap.breakloop()
2018-03-25 16:56:12 INFO  cic.cs.unb.ca.jnetpcap.worker.TrafficFlowWorker    pcap.breakloop()
2018-03-25 16:56:12 INFO  cic.cs.unb.ca.jnetpcap.worker.TrafficFlowWorker    pcap.breakloop()
2018-03-25 16:56:12 INFO  cic.cs.unb.ca.jnetpcap.worker.TrafficFlowWorker    pcap.breakloop()
2018-03-25 16:56:12 INFO  cic.cs.unb.ca.jnetpcap.worker.TrafficFlowWorker    pcap.breakloop()
2018-03-25 16:56:12 INFO  cic.cs.unb.ca.jnetpcap.worker.TrafficFlowWorker    pcap.breakloop()
2018-03-25 16:56:12 INFO  cic.cs.unb.ca.jnetpcap.worker.TrafficFlowWorker    pcap.breakloop()
2018-03-25 16:56:12 INFO  cic.cs.unb.ca.jnetpcap.worker.TrafficFlowWorker    pcap.breakloop()
2018-03-25 16:56:12 INFO  cic.cs.unb.ca.jnetpcap.worker.TrafficFlowWorker    pcap.breakloop()
2018-03-25 16:56:12 INFO  cic.cs.unb.ca.jnetpcap.worker.TrafficFlowWorker    pcap.breakloop()
2018-03-25 16:56:12 INFO  cic.cs.unb.ca.jnetpcap.worker.TrafficFlowWorker    pcap.breakloop()
2018-03-25 16:56:12 INFO  cic.cs.unb.ca.jnetpcap.worker.TrafficFlowWorker    pcap.breakloop()
2018-03-25 16:56:12 INFO  cic.cs.unb.ca.jnetpcap.worker.TrafficFlowWorker    pcap.breakloop()
2018-03-25 16:56:12 INFO  cic.cs.unb.ca.jnetpcap.worker.TrafficFlowWorker    pcap.breakloop()
2018-03-25 16:56:12 INFO  cic.cs.unb.ca.jnetpcap.worker.TrafficFlowWorker    pcap.breakloop()
2018-03-25 16:56:12 INFO  cic.cs.unb.ca.jnetpcap.worker.TrafficFlowWorker    pcap.breakloop()
2018-03-25 16:56:12 INFO  cic.cs.unb.ca.jnetpcap.worker.TrafficFlowWorker    pcap.breakloop()
2018-03-25 16:56:12 INFO  cic.cs.unb.ca.jnetpcap.worker.TrafficFlowWorker    pcap.breakloop()
2018-03-25 16:56:12 INFO  cic.cs.unb.ca.jnetpcap.worker.TrafficFlowWorker    pcap.breakloop()
2018-03-25 16:56:12 INFO  cic.cs.unb.ca.jnetpcap.worker.TrafficFlowWorker    pcap.breakloop()
2018-03-25 16:56:12 INFO  cic.cs.unb.ca.jnetpcap.worker.TrafficFlowWorker    pcap.breakloop()
2018-03-25 16:56:12 INFO  cic.cs.unb.ca.jnetpcap.worker.TrafficFlowWorker    pcap.breakloop()
2018-03-25 16:56:12 INFO  cic.cs.unb.ca.jnetpcap.worker.TrafficFlowWorker    pcap.breakloop()
2018-03-25 16:56:12 INFO  cic.cs.unb.ca.jnetpcap.worker.TrafficFlowWorker    pcap.breakloop()
2018-03-25 16:56:12 INFO  cic.cs.unb.ca.jnetpcap.worker.TrafficFlowWorker    pcap.breakloop()
2018-03-25 16:56:12 INFO  cic.cs.unb.ca.jnetpcap.worker.TrafficFlowWorker    pcap.breakloop()
2018-03-25 16:56:12 INFO  cic.cs.unb.ca.jnetpcap.worker.TrafficFlowWorker    pcap.breakloop()
2018-03-25 16:56:12 INFO  cic.cs.unb.ca.jnetpcap.worker.TrafficFlowWorker    pcap.breakloop()
2018-03-25 16:56:12 INFO  cic.cs.unb.ca.jnetpcap.worker.TrafficFlowWorker    pcap.breakloop()
2018-03-25 16:56:12 INFO  cic.cs.unb.ca.jnetpcap.worker.TrafficFlowWorker    pcap.breakloop()
2018-03-25 16:56:12 INFO  cic.cs.unb.ca.jnetpcap.worker.TrafficFlowWorker    pcap.breakloop()
2018-03-25 16:56:12 INFO  cic.cs.unb.ca.jnetpcap.worker.TrafficFlowWorker    pcap.breakloop()
2018-03-25 16:56:12 INFO  cic.cs.unb.ca.jnetpcap.worker.TrafficFlowWorker    pcap.breakloop()
2018-03-25 16:56:12 INFO  cic.cs.unb.ca.jnetpcap.worker.TrafficFlowWorker    pcap.breakloop()
2018-03-25 16:56:12 INFO  cic.cs.unb.ca.jnetpcap.worker.TrafficFlowWorker    pcap.breakloop()
2018-03-25 16:56:12 INFO  cic.cs.unb.ca.jnetpcap.worker.TrafficFlowWorker    pcap.breakloop()
2018-03-25 16:56:12 INFO  cic.cs.unb.ca.jnetpcap.worker.TrafficFlowWorker    pcap.breakloop()
2018-03-25 16:56:12 INFO  cic.cs.unb.ca.jnetpcap.worker.TrafficFlowWorker    pcap.breakloop()
2018-03-25 16:56:12 INFO  cic.cs.unb.ca.jnetpcap.worker.TrafficFlowWorker    pcap.breakloop()
2018-03-25 16:56:12 INFO  cic.cs.unb.ca.jnetpcap.worker.TrafficFlowWorker    pcap.breakloop()
2018-03-25 16:56:12 INFO  cic.cs.unb.ca.jnetpcap.worker.TrafficFlowWorker    pcap.breakloop()
2018-03-25 16:56:12 INFO  cic.cs.unb.ca.jnetpcap.worker.TrafficFlowWorker    pcap.breakloop()
2018-03-25 16:56:12 INFO  cic.cs.unb.ca.jnetpcap.worker.TrafficFlowWorker    pcap.breakloop()
2018-03-25 16:56:12 INFO  cic.cs.unb.ca.jnetpcap.worker.TrafficFlowWorker    pcap.breakloop()
2018-03-25 16:56:12 INFO  cic.cs.unb.ca.jnetpcap.worker.TrafficFlowWorker    pcap.breakloop()
2018-03-25 16:56:12 INFO  cic.cs.unb.ca.jnetpcap.worker.TrafficFlowWorker    pcap.breakloop()
2018-03-25 16:56:12 INFO  cic.cs.unb.ca.jnetpcap.worker.TrafficFlowWorker    pcap.breakloop()
2018-03-25 16:56:12 INFO  cic.cs.unb.ca.jnetpcap.worker.TrafficFlowWorker    pcap.breakloop()
2018-03-25 16:56:12 INFO  cic.cs.unb.ca.jnetpcap.worker.TrafficFlowWorker    pcap.breakloop()
2018-03-25 16:56:12 INFO  cic.cs.unb.ca.jnetpcap.worker.TrafficFlowWorker    pcap.breakloop()
2018-03-25 16:56:12 INFO  cic.cs.unb.ca.jnetpcap.worker.TrafficFlowWorker    pcap.breakloop()
2018-03-25 16:56:12 INFO  cic.cs.unb.ca.jnetpcap.worker.TrafficFlowWorker    pcap.breakloop()
2018-03-25 16:56:12 INFO  cic.cs.unb.ca.jnetpcap.worker.TrafficFlowWorker    pcap.breakloop()
2018-03-25 16:56:12 INFO  cic.cs.unb.ca.jnetpcap.worker.TrafficFlowWorker    pcap.breakloop()
2018-03-25 16:56:12 INFO  cic.cs.unb.ca.jnetpcap.worker.TrafficFlowWorker    pcap.breakloop()
2018-03-25 16:56:12 INFO  cic.cs.unb.ca.jnetpcap.worker.TrafficFlowWorker    pcap.breakloop()
2018-03-25 16:56:12 INFO  cic.cs.unb.ca.jnetpcap.worker.TrafficFlowWorker    pcap.breakloop()
2018-03-25 16:56:12 INFO  cic.cs.unb.ca.jnetpcap.worker.TrafficFlowWorker    pcap.breakloop()
2018-03-25 16:56:12 INFO  cic.cs.unb.ca.jnetpcap.worker.TrafficFlowWorker    pcap.breakloop()
2018-03-25 16:56:12 INFO  cic.cs.unb.ca.jnetpcap.worker.TrafficFlowWorker    pcap.breakloop()
2018-03-25 16:56:12 INFO  cic.cs.unb.ca.jnetpcap.worker.TrafficFlowWorker    pcap.breakloop()
2018-03-25 16:56:12 INFO  cic.cs.unb.ca.jnetpcap.worker.TrafficFlowWorker    pcap.breakloop()
2018-03-25 16:56:12 INFO  cic.cs.unb.ca.jnetpcap.worker.TrafficFlowWorker    pcap.breakloop()
2018-03-25 16:56:12 INFO  cic.cs.unb.ca.jnetpcap.worker.TrafficFlowWorker    pcap.breakloop()
2018-03-25 16:56:12 INFO  cic.cs.unb.ca.jnetpcap.worker.TrafficFlowWorker    pcap.breakloop()
2018-03-25 16:56:12 INFO  cic.cs.unb.ca.jnetpcap.worker.TrafficFlowWorker    pcap.breakloop()
2018-03-25 16:56:12 INFO  cic.cs.unb.ca.jnetpcap.worker.TrafficFlowWorker    pcap.breakloop()
2018-03-25 16:56:12 INFO  cic.cs.unb.ca.jnetpcap.worker.TrafficFlowWorker    pcap.breakloop()
2018-03-25 16:56:12 INFO  cic.cs.unb.ca.jnetpcap.worker.TrafficFlowWorker    pcap.breakloop()
2018-03-25 16:56:12 INFO  cic.cs.unb.ca.jnetpcap.worker.TrafficFlowWorker    pcap.breakloop()
2018-03-25 16:56:12 INFO  cic.cs.unb.ca.jnetpcap.worker.TrafficFlowWorker    pcap.breakloop()
2018-03-25 16:56:12 INFO  cic.cs.unb.ca.jnetpcap.worker.TrafficFlowWorker    pcap.breakloop()
2018-03-25 16:56:12 INFO  cic.cs.unb.ca.jnetpcap.worker.TrafficFlowWorker    pcap.breakloop()
2018-03-25 16:56:12 INFO  cic.cs.unb.ca.jnetpcap.worker.TrafficFlowWorker    pcap.breakloop()
2018-03-25 16:56:12 INFO  cic.cs.unb.ca.jnetpcap.worker.TrafficFlowWorker    pcap.breakloop()
2018-03-25 16:56:12 INFO  cic.cs.unb.ca.jnetpcap.worker.TrafficFlowWorker    pcap.breakloop()
2018-03-25 16:56:12 INFO  cic.cs.unb.ca.jnetpcap.worker.TrafficFlowWorker    pcap.breakloop()
2018-03-25 16:56:12 INFO  cic.cs.unb.ca.jnetpcap.worker.TrafficFlowWorker    pcap.breakloop()
2018-03-25 16:56:12 INFO  cic.cs.unb.ca.jnetpcap.worker.TrafficFlowWorker    pcap.breakloop()
2018-03-25 16:56:12 INFO  cic.cs.unb.ca.jnetpcap.worker.TrafficFlowWorker    pcap.breakloop()
2018-03-25 16:56:12 INFO  cic.cs.unb.ca.jnetpcap.worker.TrafficFlowWorker    pcap.breakloop()
2018-03-25 16:56:12 INFO  cic.cs.unb.ca.jnetpcap.worker.TrafficFlowWorker    pcap.breakloop()
2018-03-25 16:56:12 INFO  cic.cs.unb.ca.jnetpcap.worker.TrafficFlowWorker    pcap.breakloop()
2018-03-25 16:56:12 INFO  cic.cs.unb.ca.jnetpcap.worker.TrafficFlowWorker    pcap.breakloop()
2018-03-25 16:56:12 INFO  cic.cs.unb.ca.jnetpcap.worker.TrafficFlowWorker    pcap.breakloop()
2018-03-25 16:56:12 INFO  cic.cs.unb.ca.jnetpcap.worker.TrafficFlowWorker    pcap.breakloop()
2018-03-25 16:56:12 INFO  cic.cs.unb.ca.jnetpcap.worker.TrafficFlowWorker    pcap.breakloop()
2018-03-25 16:56:12 INFO  cic.cs.unb.ca.jnetpcap.worker.TrafficFlowWorker    pcap.breakloop()
2018-03-25 16:56:12 INFO  cic.cs.unb.ca.jnetpcap.worker.TrafficFlowWorker    pcap.breakloop()
2018-03-25 16:56:12 INFO  cic.cs.unb.ca.jnetpcap.worker.TrafficFlowWorker    pcap.breakloop()
2018-03-25 16:56:12 INFO  cic.cs.unb.ca.jnetpcap.worker.TrafficFlowWorker    pcap.breakloop()
2018-03-25 16:56:12 INFO  cic.cs.unb.ca.jnetpcap.worker.TrafficFlowWorker    Pcap stop:-2
