2018-03-25 16:24:50 - open device fail: any: You don't have permission to capture on that device (socket: Operation not permitted)
2018-03-25 16:24:50 - Pcap stop:any: You don't have permission to capture on that device (socket: Operation not permitted)
2018-03-25 16:25:30 - open device fail: usbmon1: Can't open USB bus file /sys/kernel/debug/usb/usbmon/1t: Permission denied
2018-03-25 16:25:31 - Pcap stop:usbmon1: Can't open USB bus file /sys/kernel/debug/usb/usbmon/1t: Permission denied
2018-03-25 16:25:45 - open device fail: nfqueue: NFQNL_CFG_CMD_PF_UNBIND: Operation not permitted
2018-03-25 16:25:45 - Pcap stop:nfqueue: NFQNL_CFG_CMD_PF_UNBIND: Operation not permitted
2018-03-25 16:25:51 - open device fail: nflog: NFULNL_CFG_CMD_PF_UNBIND: Operation not permitted
2018-03-25 16:25:51 - Pcap stop:nflog: NFULNL_CFG_CMD_PF_UNBIND: Operation not permitted
2018-03-25 16:26:16 - open device fail: usbmon2: Can't open USB bus file /sys/kernel/debug/usbmon/2t: No such file or directory
2018-03-25 16:26:17 - Pcap stop:usbmon2: Can't open USB bus file /sys/kernel/debug/usbmon/2t: No such file or directory
2018-03-25 16:26:22 - open device fail: usbmon1: Can't open USB bus file /sys/kernel/debug/usbmon/1t: No such file or directory
2018-03-25 16:26:22 - Pcap stop:usbmon1: Can't open USB bus file /sys/kernel/debug/usbmon/1t: No such file or directory
2018-03-25 16:26:25 - Pcap is listening...
2018-03-25 16:26:37 - Pcap is listening...
2018-03-25 16:27:02 - fetch 3 flows
2018-03-25 16:27:22 - fetch 1 flows
2018-03-25 16:29:02 - fetch 8 flows
2018-03-25 16:29:22 - fetch 13 flows
2018-03-25 16:29:42 - fetch 10 flows
2018-03-25 16:30:02 - fetch 1 flows
2018-03-25 16:30:22 - fetch 2 flows
2018-03-25 16:30:42 - fetch 4 flows
2018-03-25 16:31:02 - fetch 10 flows
2018-03-25 16:31:22 - fetch 2 flows
2018-03-25 16:31:42 - fetch 3 flows
2018-03-25 16:32:02 - fetch 2 flows
2018-03-25 16:32:22 - fetch 3 flows
2018-03-25 16:32:42 - fetch 2 flows
2018-03-25 16:33:02 - fetch 3 flows
2018-03-25 16:33:22 - fetch 2 flows
2018-03-25 16:33:42 - fetch 1 flows
2018-03-25 16:34:02 - fetch 6 flows
2018-03-25 16:34:42 - fetch 3 flows
2018-03-25 16:35:02 - fetch 1 flows
2018-03-25 16:35:22 - fetch 1 flows
2018-03-25 16:35:42 - fetch 2 flows
2018-03-25 16:36:02 - fetch 2 flows
2018-03-25 16:36:22 - fetch 3 flows
2018-03-25 16:36:42 - fetch 1 flows
2018-03-25 16:37:22 - fetch 3 flows
2018-03-25 16:37:42 - fetch 12 flows
2018-03-25 16:38:02 - fetch 7 flows
2018-03-25 16:38:22 - fetch 5 flows
2018-03-25 16:38:42 - fetch 3 flows
2018-03-25 16:39:02 - fetch 3 flows
2018-03-25 16:40:02 - fetch 22 flows
2018-03-25 16:40:22 - fetch 2 flows
2018-03-25 16:41:22 - fetch 11 flows
2018-03-25 16:41:42 - fetch 12 flows
2018-03-25 16:42:02 - fetch 7 flows
2018-03-25 16:42:22 - fetch 1 flows
2018-03-25 16:43:02 - fetch 22 flows
2018-03-25 16:43:22 - fetch 11 flows
2018-03-25 16:43:42 - fetch 1 flows
2018-03-25 16:44:22 - fetch 34 flows
2018-03-25 16:44:42 - fetch 5 flows
2018-03-25 16:45:02 - fetch 7 flows
2018-03-25 16:46:02 - fetch 21 flows
2018-03-25 16:47:02 - fetch 25 flows
2018-03-25 16:48:02 - fetch 31 flows
2018-03-25 16:49:02 - fetch 9 flows
2018-03-25 16:50:22 - fetch 15 flows
2018-03-25 16:51:22 - fetch 2 flows
2018-03-25 16:52:22 - fetch 4 flows
2018-03-25 16:53:22 - fetch 8 flows
2018-03-25 16:54:22 - fetch 1 flows
2018-03-25 16:55:22 - fetch 9 flows
2018-03-25 16:56:12 - pcap.breakloop()
2018-03-25 16:56:12 - pcap.breakloop()
2018-03-25 16:56:12 - pcap.breakloop()
2018-03-25 16:56:12 - pcap.breakloop()
2018-03-25 16:56:12 - pcap.breakloop()
2018-03-25 16:56:12 - pcap.breakloop()
2018-03-25 16:56:12 - pcap.breakloop()
2018-03-25 16:56:12 - pcap.breakloop()
2018-03-25 16:56:12 - pcap.breakloop()
2018-03-25 16:56:12 - pcap.breakloop()
2018-03-25 16:56:12 - pcap.breakloop()
2018-03-25 16:56:12 - pcap.breakloop()
2018-03-25 16:56:12 - pcap.breakloop()
2018-03-25 16:56:12 - pcap.breakloop()
2018-03-25 16:56:12 - pcap.breakloop()
2018-03-25 16:56:12 - pcap.breakloop()
2018-03-25 16:56:12 - pcap.breakloop()
2018-03-25 16:56:12 - pcap.breakloop()
2018-03-25 16:56:12 - pcap.breakloop()
2018-03-25 16:56:12 - pcap.breakloop()
2018-03-25 16:56:12 - pcap.breakloop()
2018-03-25 16:56:12 - pcap.breakloop()
2018-03-25 16:56:12 - pcap.breakloop()
2018-03-25 16:56:12 - pcap.breakloop()
2018-03-25 16:56:12 - pcap.breakloop()
2018-03-25 16:56:12 - pcap.breakloop()
2018-03-25 16:56:12 - pcap.breakloop()
2018-03-25 16:56:12 - pcap.breakloop()
2018-03-25 16:56:12 - pcap.breakloop()
2018-03-25 16:56:12 - pcap.breakloop()
2018-03-25 16:56:12 - pcap.breakloop()
2018-03-25 16:56:12 - pcap.breakloop()
2018-03-25 16:56:12 - pcap.breakloop()
2018-03-25 16:56:12 - pcap.breakloop()
2018-03-25 16:56:12 - pcap.breakloop()
2018-03-25 16:56:12 - pcap.breakloop()
2018-03-25 16:56:12 - pcap.breakloop()
2018-03-25 16:56:12 - pcap.breakloop()
2018-03-25 16:56:12 - pcap.breakloop()
2018-03-25 16:56:12 - pcap.breakloop()
2018-03-25 16:56:12 - pcap.breakloop()
2018-03-25 16:56:12 - pcap.breakloop()
2018-03-25 16:56:12 - pcap.breakloop()
2018-03-25 16:56:12 - pcap.breakloop()
2018-03-25 16:56:12 - pcap.breakloop()
2018-03-25 16:56:12 - pcap.breakloop()
2018-03-25 16:56:12 - pcap.breakloop()
2018-03-25 16:56:12 - pcap.breakloop()
2018-03-25 16:56:12 - pcap.breakloop()
2018-03-25 16:56:12 - pcap.breakloop()
2018-03-25 16:56:12 - pcap.breakloop()
2018-03-25 16:56:12 - pcap.breakloop()
2018-03-25 16:56:12 - pcap.breakloop()
2018-03-25 16:56:12 - pcap.breakloop()
2018-03-25 16:56:12 - pcap.breakloop()
2018-03-25 16:56:12 - pcap.breakloop()
2018-03-25 16:56:12 - pcap.breakloop()
2018-03-25 16:56:12 - pcap.breakloop()
2018-03-25 16:56:12 - pcap.breakloop()
2018-03-25 16:56:12 - pcap.breakloop()
2018-03-25 16:56:12 - pcap.breakloop()
2018-03-25 16:56:12 - pcap.breakloop()
2018-03-25 16:56:12 - pcap.breakloop()
2018-03-25 16:56:12 - pcap.breakloop()
2018-03-25 16:56:12 - pcap.breakloop()
2018-03-25 16:56:12 - pcap.breakloop()
2018-03-25 16:56:12 - pcap.breakloop()
2018-03-25 16:56:12 - pcap.breakloop()
2018-03-25 16:56:12 - pcap.breakloop()
2018-03-25 16:56:12 - pcap.breakloop()
2018-03-25 16:56:12 - pcap.breakloop()
2018-03-25 16:56:12 - pcap.breakloop()
2018-03-25 16:56:12 - pcap.breakloop()
2018-03-25 16:56:12 - pcap.breakloop()
2018-03-25 16:56:12 - pcap.breakloop()
2018-03-25 16:56:12 - pcap.breakloop()
2018-03-25 16:56:12 - pcap.breakloop()
2018-03-25 16:56:12 - pcap.breakloop()
2018-03-25 16:56:12 - pcap.breakloop()
2018-03-25 16:56:12 - pcap.breakloop()
2018-03-25 16:56:12 - pcap.breakloop()
2018-03-25 16:56:12 - pcap.breakloop()
2018-03-25 16:56:12 - pcap.breakloop()
2018-03-25 16:56:12 - pcap.breakloop()
2018-03-25 16:56:12 - pcap.breakloop()
2018-03-25 16:56:12 - pcap.breakloop()
2018-03-25 16:56:12 - pcap.breakloop()
2018-03-25 16:56:12 - pcap.breakloop()
2018-03-25 16:56:12 - pcap.breakloop()
2018-03-25 16:56:12 - pcap.breakloop()
2018-03-25 16:56:12 - pcap.breakloop()
2018-03-25 16:56:12 - pcap.breakloop()
2018-03-25 16:56:12 - pcap.breakloop()
2018-03-25 16:56:12 - pcap.breakloop()
2018-03-25 16:56:12 - pcap.breakloop()
2018-03-25 16:56:12 - pcap.breakloop()
2018-03-25 16:56:12 - pcap.breakloop()
2018-03-25 16:56:12 - pcap.breakloop()
2018-03-25 16:56:12 - pcap.breakloop()
2018-03-25 16:56:12 - pcap.breakloop()
2018-03-25 16:56:12 - pcap.breakloop()
2018-03-25 16:56:12 - pcap.breakloop()
2018-03-25 16:56:12 - pcap.breakloop()
2018-03-25 16:56:12 - pcap.breakloop()
2018-03-25 16:56:12 - pcap.breakloop()
2018-03-25 16:56:12 - pcap.breakloop()
2018-03-25 16:56:12 - pcap.breakloop()
2018-03-25 16:56:12 - pcap.breakloop()
2018-03-25 16:56:12 - pcap.breakloop()
2018-03-25 16:56:12 - pcap.breakloop()
2018-03-25 16:56:12 - pcap.breakloop()
2018-03-25 16:56:12 - pcap.breakloop()
2018-03-25 16:56:12 - pcap.breakloop()
2018-03-25 16:56:12 - pcap.breakloop()
2018-03-25 16:56:12 - pcap.breakloop()
2018-03-25 16:56:12 - pcap.breakloop()
2018-03-25 16:56:12 - pcap.breakloop()
2018-03-25 16:56:12 - pcap.breakloop()
2018-03-25 16:56:12 - pcap.breakloop()
2018-03-25 16:56:12 - pcap.breakloop()
2018-03-25 16:56:12 - pcap.breakloop()
2018-03-25 16:56:12 - pcap.breakloop()
2018-03-25 16:56:12 - pcap.breakloop()
2018-03-25 16:56:12 - pcap.breakloop()
2018-03-25 16:56:12 - pcap.breakloop()
2018-03-25 16:56:12 - pcap.breakloop()
2018-03-25 16:56:12 - pcap.breakloop()
2018-03-25 16:56:12 - pcap.breakloop()
2018-03-25 16:56:12 - pcap.breakloop()
2018-03-25 16:56:12 - pcap.breakloop()
2018-03-25 16:56:12 - pcap.breakloop()
2018-03-25 16:56:12 - pcap.breakloop()
2018-03-25 16:56:12 - pcap.breakloop()
2018-03-25 16:56:12 - pcap.breakloop()
2018-03-25 16:56:12 - pcap.breakloop()
2018-03-25 16:56:12 - pcap.breakloop()
2018-03-25 16:56:12 - pcap.breakloop()
2018-03-25 16:56:12 - pcap.breakloop()
2018-03-25 16:56:12 - pcap.breakloop()
2018-03-25 16:56:12 - pcap.breakloop()
2018-03-25 16:56:12 - pcap.breakloop()
2018-03-25 16:56:12 - pcap.breakloop()
2018-03-25 16:56:12 - pcap.breakloop()
2018-03-25 16:56:12 - pcap.breakloop()
2018-03-25 16:56:12 - pcap.breakloop()
2018-03-25 16:56:12 - pcap.breakloop()
2018-03-25 16:56:12 - pcap.breakloop()
2018-03-25 16:56:12 - pcap.breakloop()
2018-03-25 16:56:12 - pcap.breakloop()
2018-03-25 16:56:12 - pcap.breakloop()
2018-03-25 16:56:12 - pcap.breakloop()
2018-03-25 16:56:12 - pcap.breakloop()
2018-03-25 16:56:12 - pcap.breakloop()
2018-03-25 16:56:12 - pcap.breakloop()
2018-03-25 16:56:12 - pcap.breakloop()
2018-03-25 16:56:12 - pcap.breakloop()
2018-03-25 16:56:12 - pcap.breakloop()
2018-03-25 16:56:12 - pcap.breakloop()
2018-03-25 16:56:12 - pcap.breakloop()
2018-03-25 16:56:12 - pcap.breakloop()
2018-03-25 16:56:12 - pcap.breakloop()
2018-03-25 16:56:12 - pcap.breakloop()
2018-03-25 16:56:12 - pcap.breakloop()
2018-03-25 16:56:12 - pcap.breakloop()
2018-03-25 16:56:12 - pcap.breakloop()
2018-03-25 16:56:12 - pcap.breakloop()
2018-03-25 16:56:12 - pcap.breakloop()
2018-03-25 16:56:12 - pcap.breakloop()
2018-03-25 16:56:12 - pcap.breakloop()
2018-03-25 16:56:12 - pcap.breakloop()
2018-03-25 16:56:12 - pcap.breakloop()
2018-03-25 16:56:12 - pcap.breakloop()
2018-03-25 16:56:12 - pcap.breakloop()
2018-03-25 16:56:12 - pcap.breakloop()
2018-03-25 16:56:12 - pcap.breakloop()
2018-03-25 16:56:12 - pcap.breakloop()
2018-03-25 16:56:12 - pcap.breakloop()
2018-03-25 16:56:12 - pcap.breakloop()
2018-03-25 16:56:12 - pcap.breakloop()
2018-03-25 16:56:12 - pcap.breakloop()
2018-03-25 16:56:12 - pcap.breakloop()
2018-03-25 16:56:12 - pcap.breakloop()
2018-03-25 16:56:12 - pcap.breakloop()
2018-03-25 16:56:12 - pcap.breakloop()
2018-03-25 16:56:12 - pcap.breakloop()
2018-03-25 16:56:12 - pcap.breakloop()
2018-03-25 16:56:12 - pcap.breakloop()
2018-03-25 16:56:12 - pcap.breakloop()
2018-03-25 16:56:12 - pcap.breakloop()
2018-03-25 16:56:12 - pcap.breakloop()
2018-03-25 16:56:12 - pcap.breakloop()
2018-03-25 16:56:12 - pcap.breakloop()
2018-03-25 16:56:12 - pcap.breakloop()
2018-03-25 16:56:12 - pcap.breakloop()
2018-03-25 16:56:12 - pcap.breakloop()
2018-03-25 16:56:12 - pcap.breakloop()
2018-03-25 16:56:12 - pcap.breakloop()
2018-03-25 16:56:12 - pcap.breakloop()
2018-03-25 16:56:12 - pcap.breakloop()
2018-03-25 16:56:12 - pcap.breakloop()
2018-03-25 16:56:12 - pcap.breakloop()
2018-03-25 16:56:12 - pcap.breakloop()
2018-03-25 16:56:12 - pcap.breakloop()
2018-03-25 16:56:12 - pcap.breakloop()
2018-03-25 16:56:12 - pcap.breakloop()
2018-03-25 16:56:12 - pcap.breakloop()
2018-03-25 16:56:12 - pcap.breakloop()
2018-03-25 16:56:12 - pcap.breakloop()
2018-03-25 16:56:12 - pcap.breakloop()
2018-03-25 16:56:12 - pcap.breakloop()
2018-03-25 16:56:12 - pcap.breakloop()
2018-03-25 16:56:12 - pcap.breakloop()
2018-03-25 16:56:12 - pcap.breakloop()
2018-03-25 16:56:12 - pcap.breakloop()
2018-03-25 16:56:12 - pcap.breakloop()
2018-03-25 16:56:12 - pcap.breakloop()
2018-03-25 16:56:12 - pcap.breakloop()
2018-03-25 16:56:12 - pcap.breakloop()
2018-03-25 16:56:12 - pcap.breakloop()
2018-03-25 16:56:12 - pcap.breakloop()
2018-03-25 16:56:12 - pcap.breakloop()
2018-03-25 16:56:12 - pcap.breakloop()
2018-03-25 16:56:12 - pcap.breakloop()
2018-03-25 16:56:12 - pcap.breakloop()
2018-03-25 16:56:12 - pcap.breakloop()
2018-03-25 16:56:12 - pcap.breakloop()
2018-03-25 16:56:12 - pcap.breakloop()
2018-03-25 16:56:12 - pcap.breakloop()
2018-03-25 16:56:12 - pcap.breakloop()
2018-03-25 16:56:12 - pcap.breakloop()
2018-03-25 16:56:12 - pcap.breakloop()
2018-03-25 16:56:12 - pcap.breakloop()
2018-03-25 16:56:12 - pcap.breakloop()
2018-03-25 16:56:12 - pcap.breakloop()
2018-03-25 16:56:12 - pcap.breakloop()
2018-03-25 16:56:12 - pcap.breakloop()
2018-03-25 16:56:12 - pcap.breakloop()
2018-03-25 16:56:12 - pcap.breakloop()
2018-03-25 16:56:12 - pcap.breakloop()
2018-03-25 16:56:12 - pcap.breakloop()
2018-03-25 16:56:12 - pcap.breakloop()
2018-03-25 16:56:12 - pcap.breakloop()
2018-03-25 16:56:12 - pcap.breakloop()
2018-03-25 16:56:12 - pcap.breakloop()
2018-03-25 16:56:12 - pcap.breakloop()
2018-03-25 16:56:12 - pcap.breakloop()
2018-03-25 16:56:12 - pcap.breakloop()
2018-03-25 16:56:12 - pcap.breakloop()
2018-03-25 16:56:12 - pcap.breakloop()
2018-03-25 16:56:12 - pcap.breakloop()
2018-03-25 16:56:12 - pcap.breakloop()
2018-03-25 16:56:12 - pcap.breakloop()
2018-03-25 16:56:12 - pcap.breakloop()
2018-03-25 16:56:12 - pcap.breakloop()
2018-03-25 16:56:12 - pcap.breakloop()
2018-03-25 16:56:12 - pcap.breakloop()
2018-03-25 16:56:12 - pcap.breakloop()
2018-03-25 16:56:12 - pcap.breakloop()
2018-03-25 16:56:12 - pcap.breakloop()
2018-03-25 16:56:12 - pcap.breakloop()
2018-03-25 16:56:12 - pcap.breakloop()
2018-03-25 16:56:12 - pcap.breakloop()
2018-03-25 16:56:12 - pcap.breakloop()
2018-03-25 16:56:12 - pcap.breakloop()
2018-03-25 16:56:12 - pcap.breakloop()
2018-03-25 16:56:12 - pcap.breakloop()
2018-03-25 16:56:12 - pcap.breakloop()
2018-03-25 16:56:12 - pcap.breakloop()
2018-03-25 16:56:12 - pcap.breakloop()
2018-03-25 16:56:12 - pcap.breakloop()
2018-03-25 16:56:12 - pcap.breakloop()
2018-03-25 16:56:12 - pcap.breakloop()
2018-03-25 16:56:12 - pcap.breakloop()
2018-03-25 16:56:12 - pcap.breakloop()
2018-03-25 16:56:12 - pcap.breakloop()
2018-03-25 16:56:12 - pcap.breakloop()
2018-03-25 16:56:12 - pcap.breakloop()
2018-03-25 16:56:12 - pcap.breakloop()
2018-03-25 16:56:12 - pcap.breakloop()
2018-03-25 16:56:12 - pcap.breakloop()
2018-03-25 16:56:12 - pcap.breakloop()
2018-03-25 16:56:12 - pcap.breakloop()
2018-03-25 16:56:12 - pcap.breakloop()
2018-03-25 16:56:12 - pcap.breakloop()
2018-03-25 16:56:12 - pcap.breakloop()
2018-03-25 16:56:12 - pcap.breakloop()
2018-03-25 16:56:12 - pcap.breakloop()
2018-03-25 16:56:12 - pcap.breakloop()
2018-03-25 16:56:12 - pcap.breakloop()
2018-03-25 16:56:12 - pcap.breakloop()
2018-03-25 16:56:12 - pcap.breakloop()
2018-03-25 16:56:12 - pcap.breakloop()
2018-03-25 16:56:12 - pcap.breakloop()
2018-03-25 16:56:12 - pcap.breakloop()
2018-03-25 16:56:12 - pcap.breakloop()
2018-03-25 16:56:12 - pcap.breakloop()
2018-03-25 16:56:12 - pcap.breakloop()
2018-03-25 16:56:12 - pcap.breakloop()
2018-03-25 16:56:12 - pcap.breakloop()
2018-03-25 16:56:12 - pcap.breakloop()
2018-03-25 16:56:12 - pcap.breakloop()
2018-03-25 16:56:12 - pcap.breakloop()
2018-03-25 16:56:12 - pcap.breakloop()
2018-03-25 16:56:12 - pcap.breakloop()
2018-03-25 16:56:12 - pcap.breakloop()
2018-03-25 16:56:12 - pcap.breakloop()
2018-03-25 16:56:12 - pcap.breakloop()
2018-03-25 16:56:12 - pcap.breakloop()
2018-03-25 16:56:12 - pcap.breakloop()
2018-03-25 16:56:12 - pcap.breakloop()
2018-03-25 16:56:12 - pcap.breakloop()
2018-03-25 16:56:12 - pcap.breakloop()
2018-03-25 16:56:12 - pcap.breakloop()
2018-03-25 16:56:12 - pcap.breakloop()
2018-03-25 16:56:12 - pcap.breakloop()
2018-03-25 16:56:12 - pcap.breakloop()
2018-03-25 16:56:12 - pcap.breakloop()
2018-03-25 16:56:12 - pcap.breakloop()
2018-03-25 16:56:12 - pcap.breakloop()
2018-03-25 16:56:12 - pcap.breakloop()
2018-03-25 16:56:12 - pcap.breakloop()
2018-03-25 16:56:12 - pcap.breakloop()
2018-03-25 16:56:12 - pcap.breakloop()
2018-03-25 16:56:12 - pcap.breakloop()
2018-03-25 16:56:12 - pcap.breakloop()
2018-03-25 16:56:12 - pcap.breakloop()
2018-03-25 16:56:12 - pcap.breakloop()
2018-03-25 16:56:12 - pcap.breakloop()
2018-03-25 16:56:12 - pcap.breakloop()
2018-03-25 16:56:12 - pcap.breakloop()
2018-03-25 16:56:12 - pcap.breakloop()
2018-03-25 16:56:12 - pcap.breakloop()
2018-03-25 16:56:12 - pcap.breakloop()
2018-03-25 16:56:12 - pcap.breakloop()
2018-03-25 16:56:12 - pcap.breakloop()
2018-03-25 16:56:12 - pcap.breakloop()
2018-03-25 16:56:12 - pcap.breakloop()
2018-03-25 16:56:12 - pcap.breakloop()
2018-03-25 16:56:12 - pcap.breakloop()
2018-03-25 16:56:12 - pcap.breakloop()
2018-03-25 16:56:12 - pcap.breakloop()
2018-03-25 16:56:12 - pcap.breakloop()
2018-03-25 16:56:12 - pcap.breakloop()
2018-03-25 16:56:12 - pcap.breakloop()
2018-03-25 16:56:12 - pcap.breakloop()
2018-03-25 16:56:12 - pcap.breakloop()
2018-03-25 16:56:12 - pcap.breakloop()
2018-03-25 16:56:12 - pcap.breakloop()
2018-03-25 16:56:12 - pcap.breakloop()
2018-03-25 16:56:12 - pcap.breakloop()
2018-03-25 16:56:12 - pcap.breakloop()
2018-03-25 16:56:12 - pcap.breakloop()
2018-03-25 16:56:12 - pcap.breakloop()
2018-03-25 16:56:12 - pcap.breakloop()
2018-03-25 16:56:12 - pcap.breakloop()
2018-03-25 16:56:12 - pcap.breakloop()
2018-03-25 16:56:12 - pcap.breakloop()
2018-03-25 16:56:12 - pcap.breakloop()
2018-03-25 16:56:12 - pcap.breakloop()
2018-03-25 16:56:12 - pcap.breakloop()
2018-03-25 16:56:12 - pcap.breakloop()
2018-03-25 16:56:12 - pcap.breakloop()
2018-03-25 16:56:12 - pcap.breakloop()
2018-03-25 16:56:12 - pcap.breakloop()
2018-03-25 16:56:12 - pcap.breakloop()
2018-03-25 16:56:12 - pcap.breakloop()
2018-03-25 16:56:12 - pcap.breakloop()
2018-03-25 16:56:12 - pcap.breakloop()
2018-03-25 16:56:12 - pcap.breakloop()
2018-03-25 16:56:12 - pcap.breakloop()
2018-03-25 16:56:12 - pcap.breakloop()
2018-03-25 16:56:12 - pcap.breakloop()
2018-03-25 16:56:12 - pcap.breakloop()
2018-03-25 16:56:12 - pcap.breakloop()
2018-03-25 16:56:12 - pcap.breakloop()
2018-03-25 16:56:12 - pcap.breakloop()
2018-03-25 16:56:12 - pcap.breakloop()
2018-03-25 16:56:12 - pcap.breakloop()
2018-03-25 16:56:12 - pcap.breakloop()
2018-03-25 16:56:12 - pcap.breakloop()
2018-03-25 16:56:12 - pcap.breakloop()
2018-03-25 16:56:12 - pcap.breakloop()
2018-03-25 16:56:12 - pcap.breakloop()
2018-03-25 16:56:12 - pcap.breakloop()
2018-03-25 16:56:12 - pcap.breakloop()
2018-03-25 16:56:12 - pcap.breakloop()
2018-03-25 16:56:12 - pcap.breakloop()
2018-03-25 16:56:12 - pcap.breakloop()
2018-03-25 16:56:12 - pcap.breakloop()
2018-03-25 16:56:12 - pcap.breakloop()
2018-03-25 16:56:12 - pcap.breakloop()
2018-03-25 16:56:12 - pcap.breakloop()
2018-03-25 16:56:12 - pcap.breakloop()
2018-03-25 16:56:12 - pcap.breakloop()
2018-03-25 16:56:12 - pcap.breakloop()
2018-03-25 16:56:12 - pcap.breakloop()
2018-03-25 16:56:12 - pcap.breakloop()
2018-03-25 16:56:12 - pcap.breakloop()
2018-03-25 16:56:12 - pcap.breakloop()
2018-03-25 16:56:12 - pcap.breakloop()
2018-03-25 16:56:12 - pcap.breakloop()
2018-03-25 16:56:12 - pcap.breakloop()
2018-03-25 16:56:12 - pcap.breakloop()
2018-03-25 16:56:12 - pcap.breakloop()
2018-03-25 16:56:12 - pcap.breakloop()
2018-03-25 16:56:12 - pcap.breakloop()
2018-03-25 16:56:12 - pcap.breakloop()
2018-03-25 16:56:12 - pcap.breakloop()
2018-03-25 16:56:12 - pcap.breakloop()
2018-03-25 16:56:12 - pcap.breakloop()
2018-03-25 16:56:12 - pcap.breakloop()
2018-03-25 16:56:12 - pcap.breakloop()
2018-03-25 16:56:12 - pcap.breakloop()
2018-03-25 16:56:12 - pcap.breakloop()
2018-03-25 16:56:12 - pcap.breakloop()
2018-03-25 16:56:12 - pcap.breakloop()
2018-03-25 16:56:12 - pcap.breakloop()
2018-03-25 16:56:12 - pcap.breakloop()
2018-03-25 16:56:12 - pcap.breakloop()
2018-03-25 16:56:12 - pcap.breakloop()
2018-03-25 16:56:12 - pcap.breakloop()
2018-03-25 16:56:12 - pcap.breakloop()
2018-03-25 16:56:12 - pcap.breakloop()
2018-03-25 16:56:12 - pcap.breakloop()
2018-03-25 16:56:12 - pcap.breakloop()
2018-03-25 16:56:12 - pcap.breakloop()
2018-03-25 16:56:12 - pcap.breakloop()
2018-03-25 16:56:12 - pcap.breakloop()
2018-03-25 16:56:12 - pcap.breakloop()
2018-03-25 16:56:12 - pcap.breakloop()
2018-03-25 16:56:12 - pcap.breakloop()
2018-03-25 16:56:12 - pcap.breakloop()
2018-03-25 16:56:12 - pcap.breakloop()
2018-03-25 16:56:12 - pcap.breakloop()
2018-03-25 16:56:12 - pcap.breakloop()
2018-03-25 16:56:12 - pcap.breakloop()
2018-03-25 16:56:12 - pcap.breakloop()
2018-03-25 16:56:12 - pcap.breakloop()
2018-03-25 16:56:12 - pcap.breakloop()
2018-03-25 16:56:12 - pcap.breakloop()
2018-03-25 16:56:12 - pcap.breakloop()
2018-03-25 16:56:12 - pcap.breakloop()
2018-03-25 16:56:12 - pcap.breakloop()
2018-03-25 16:56:12 - pcap.breakloop()
2018-03-25 16:56:12 - Pcap stop:-2
2018-04-10 02:45:56 - open device fail: wlp2s0: You don't have permission to capture on that device (socket: Operation not permitted)
2018-04-10 02:45:56 - Pcap stop:wlp2s0: You don't have permission to capture on that device (socket: Operation not permitted)
2018-04-10 02:46:22 - Pcap is listening...
2018-04-10 02:46:47 - fetch 13 flows
2018-04-10 02:47:07 - fetch 30 flows
2018-04-10 02:47:27 - fetch 29 flows
2018-04-10 02:47:47 - fetch 19 flows
2018-04-10 02:48:07 - fetch 31 flows
2018-04-10 02:48:28 - fetch 29 flows
2018-04-10 02:48:48 - fetch 33 flows
2018-04-10 02:49:08 - fetch 40 flows
2018-04-10 02:49:28 - fetch 9 flows
2018-04-10 02:49:48 - fetch 4 flows
2018-04-10 02:50:08 - fetch 2 flows
2018-04-10 02:50:28 - fetch 10 flows
2018-04-10 02:50:48 - fetch 6 flows
2018-04-10 02:51:08 - fetch 14 flows
2018-04-10 02:52:09 - pcap.breakloop()
2018-04-10 02:52:09 - pcap.breakloop()
2018-04-10 02:52:09 - pcap.breakloop()
2018-04-10 02:52:09 - pcap.breakloop()
2018-04-10 02:52:09 - pcap.breakloop()
2018-04-10 02:52:09 - pcap.breakloop()
2018-04-10 02:52:09 - pcap.breakloop()
2018-04-10 02:52:09 - pcap.breakloop()
2018-04-10 02:52:09 - pcap.breakloop()
2018-04-10 02:52:09 - pcap.breakloop()
2018-04-10 02:52:09 - pcap.breakloop()
2018-04-10 02:52:09 - pcap.breakloop()
2018-04-10 02:52:09 - pcap.breakloop()
2018-04-10 02:52:09 - pcap.breakloop()
2018-04-10 02:52:09 - pcap.breakloop()
2018-04-10 02:52:09 - pcap.breakloop()
2018-04-10 02:52:09 - pcap.breakloop()
2018-04-10 02:52:09 - pcap.breakloop()
2018-04-10 02:52:09 - pcap.breakloop()
2018-04-10 02:52:09 - pcap.breakloop()
2018-04-10 02:52:09 - pcap.breakloop()
2018-04-10 02:52:09 - pcap.breakloop()
2018-04-10 02:52:09 - pcap.breakloop()
2018-04-10 02:52:09 - pcap.breakloop()
2018-04-10 02:52:09 - pcap.breakloop()
2018-04-10 02:52:09 - pcap.breakloop()
2018-04-10 02:52:09 - pcap.breakloop()
2018-04-10 02:52:09 - pcap.breakloop()
2018-04-10 02:52:09 - pcap.breakloop()
2018-04-10 02:52:09 - pcap.breakloop()
2018-04-10 02:52:09 - pcap.breakloop()
2018-04-10 02:52:09 - pcap.breakloop()
2018-04-10 02:52:09 - pcap.breakloop()
2018-04-10 02:52:09 - pcap.breakloop()
2018-04-10 02:52:09 - pcap.breakloop()
2018-04-10 02:52:09 - pcap.breakloop()
2018-04-10 02:52:09 - pcap.breakloop()
2018-04-10 02:52:09 - pcap.breakloop()
2018-04-10 02:52:09 - pcap.breakloop()
2018-04-10 02:52:09 - pcap.breakloop()
2018-04-10 02:52:09 - pcap.breakloop()
2018-04-10 02:52:09 - pcap.breakloop()
2018-04-10 02:52:09 - pcap.breakloop()
2018-04-10 02:52:09 - pcap.breakloop()
2018-04-10 02:52:09 - pcap.breakloop()
2018-04-10 02:52:09 - pcap.breakloop()
2018-04-10 02:52:09 - pcap.breakloop()
2018-04-10 02:52:09 - pcap.breakloop()
2018-04-10 02:52:09 - pcap.breakloop()
2018-04-10 02:52:09 - pcap.breakloop()
2018-04-10 02:52:09 - pcap.breakloop()
2018-04-10 02:52:09 - pcap.breakloop()
2018-04-10 02:52:09 - pcap.breakloop()
2018-04-10 02:52:09 - pcap.breakloop()
2018-04-10 02:52:09 - pcap.breakloop()
2018-04-10 02:52:09 - pcap.breakloop()
2018-04-10 02:52:09 - pcap.breakloop()
2018-04-10 02:52:09 - pcap.breakloop()
2018-04-10 02:52:09 - pcap.breakloop()
2018-04-10 02:52:09 - pcap.breakloop()
2018-04-10 02:52:09 - pcap.breakloop()
2018-04-10 02:52:09 - pcap.breakloop()
2018-04-10 02:52:09 - pcap.breakloop()
2018-04-10 02:52:09 - pcap.breakloop()
2018-04-10 02:52:09 - pcap.breakloop()
2018-04-10 02:52:09 - pcap.breakloop()
2018-04-10 02:52:09 - pcap.breakloop()
2018-04-10 02:52:09 - pcap.breakloop()
2018-04-10 02:52:09 - pcap.breakloop()
2018-04-10 02:52:09 - pcap.breakloop()
2018-04-10 02:52:09 - pcap.breakloop()
2018-04-10 02:52:09 - pcap.breakloop()
2018-04-10 02:52:09 - pcap.breakloop()
2018-04-10 02:52:09 - pcap.breakloop()
2018-04-10 02:52:09 - pcap.breakloop()
2018-04-10 02:52:09 - pcap.breakloop()
2018-04-10 02:52:09 - pcap.breakloop()
2018-04-10 02:52:09 - pcap.breakloop()
2018-04-10 02:52:09 - pcap.breakloop()
2018-04-10 02:52:09 - pcap.breakloop()
2018-04-10 02:52:09 - pcap.breakloop()
2018-04-10 02:52:09 - pcap.breakloop()
2018-04-10 02:52:09 - pcap.breakloop()
2018-04-10 02:52:09 - pcap.breakloop()
2018-04-10 02:52:09 - pcap.breakloop()
2018-04-10 02:52:09 - pcap.breakloop()
2018-04-10 02:52:09 - pcap.breakloop()
2018-04-10 02:52:09 - pcap.breakloop()
2018-04-10 02:52:09 - pcap.breakloop()
2018-04-10 02:52:09 - pcap.breakloop()
2018-04-10 02:52:09 - pcap.breakloop()
2018-04-10 02:52:09 - pcap.breakloop()
2018-04-10 02:52:09 - pcap.breakloop()
2018-04-10 02:52:09 - pcap.breakloop()
2018-04-10 02:52:09 - pcap.breakloop()
2018-04-10 02:52:09 - pcap.breakloop()
2018-04-10 02:52:09 - pcap.breakloop()
2018-04-10 02:52:09 - pcap.breakloop()
2018-04-10 02:52:09 - pcap.breakloop()
2018-04-10 02:52:09 - pcap.breakloop()
2018-04-10 02:52:09 - pcap.breakloop()
2018-04-10 02:52:09 - pcap.breakloop()
2018-04-10 02:52:09 - pcap.breakloop()
2018-04-10 02:52:09 - pcap.breakloop()
2018-04-10 02:52:09 - pcap.breakloop()
2018-04-10 02:52:09 - pcap.breakloop()
2018-04-10 02:52:09 - pcap.breakloop()
2018-04-10 02:52:09 - pcap.breakloop()
2018-04-10 02:52:09 - pcap.breakloop()
2018-04-10 02:52:09 - pcap.breakloop()
2018-04-10 02:52:09 - pcap.breakloop()
2018-04-10 02:52:09 - pcap.breakloop()
2018-04-10 02:52:09 - pcap.breakloop()
2018-04-10 02:52:09 - pcap.breakloop()
2018-04-10 02:52:09 - pcap.breakloop()
2018-04-10 02:52:09 - pcap.breakloop()
2018-04-10 02:52:09 - pcap.breakloop()
2018-04-10 02:52:09 - pcap.breakloop()
2018-04-10 02:52:09 - pcap.breakloop()
2018-04-10 02:52:09 - pcap.breakloop()
2018-04-10 02:52:09 - pcap.breakloop()
2018-04-10 02:52:09 - pcap.breakloop()
2018-04-10 02:52:09 - pcap.breakloop()
2018-04-10 02:52:09 - pcap.breakloop()
2018-04-10 02:52:09 - pcap.breakloop()
2018-04-10 02:52:09 - pcap.breakloop()
2018-04-10 02:52:09 - pcap.breakloop()
2018-04-10 02:52:09 - pcap.breakloop()
2018-04-10 02:52:09 - pcap.breakloop()
2018-04-10 02:52:09 - pcap.breakloop()
2018-04-10 02:52:09 - pcap.breakloop()
2018-04-10 02:52:09 - pcap.breakloop()
2018-04-10 02:52:09 - pcap.breakloop()
2018-04-10 02:52:09 - pcap.breakloop()
2018-04-10 02:52:09 - pcap.breakloop()
2018-04-10 02:52:09 - pcap.breakloop()
2018-04-10 02:52:09 - pcap.breakloop()
2018-04-10 02:52:09 - pcap.breakloop()
2018-04-10 02:52:09 - pcap.breakloop()
2018-04-10 02:52:09 - pcap.breakloop()
2018-04-10 02:52:09 - pcap.breakloop()
2018-04-10 02:52:09 - pcap.breakloop()
2018-04-10 02:52:09 - pcap.breakloop()
2018-04-10 02:52:09 - pcap.breakloop()
2018-04-10 02:52:09 - pcap.breakloop()
2018-04-10 02:52:09 - pcap.breakloop()
2018-04-10 02:52:09 - pcap.breakloop()
2018-04-10 02:52:09 - pcap.breakloop()
2018-04-10 02:52:09 - pcap.breakloop()
2018-04-10 02:52:09 - pcap.breakloop()
2018-04-10 02:52:09 - pcap.breakloop()
2018-04-10 02:52:09 - pcap.breakloop()
2018-04-10 02:52:09 - pcap.breakloop()
2018-04-10 02:52:09 - pcap.breakloop()
2018-04-10 02:52:09 - pcap.breakloop()
2018-04-10 02:52:09 - pcap.breakloop()
2018-04-10 02:52:09 - pcap.breakloop()
2018-04-10 02:52:09 - pcap.breakloop()
2018-04-10 02:52:09 - pcap.breakloop()
2018-04-10 02:52:09 - pcap.breakloop()
2018-04-10 02:52:09 - pcap.breakloop()
2018-04-10 02:52:09 - pcap.breakloop()
2018-04-10 02:52:09 - pcap.breakloop()
2018-04-10 02:52:09 - pcap.breakloop()
2018-04-10 02:52:09 - pcap.breakloop()
2018-04-10 02:52:09 - pcap.breakloop()
2018-04-10 02:52:09 - pcap.breakloop()
2018-04-10 02:52:09 - pcap.breakloop()
2018-04-10 02:52:09 - pcap.breakloop()
2018-04-10 02:52:09 - pcap.breakloop()
2018-04-10 02:52:09 - pcap.breakloop()
2018-04-10 02:52:09 - pcap.breakloop()
2018-04-10 02:52:09 - pcap.breakloop()
2018-04-10 02:52:09 - pcap.breakloop()
2018-04-10 02:52:09 - pcap.breakloop()
2018-04-10 02:52:09 - pcap.breakloop()
2018-04-10 02:52:09 - pcap.breakloop()
2018-04-10 02:52:09 - pcap.breakloop()
2018-04-10 02:52:09 - pcap.breakloop()
2018-04-10 02:52:09 - pcap.breakloop()
2018-04-10 02:52:09 - pcap.breakloop()
2018-04-10 02:52:09 - pcap.breakloop()
2018-04-10 02:52:09 - pcap.breakloop()
2018-04-10 02:52:09 - pcap.breakloop()
2018-04-10 02:52:09 - pcap.breakloop()
2018-04-10 02:52:09 - pcap.breakloop()
2018-04-10 02:52:09 - pcap.breakloop()
2018-04-10 02:52:09 - pcap.breakloop()
2018-04-10 02:52:09 - pcap.breakloop()
2018-04-10 02:52:09 - pcap.breakloop()
2018-04-10 02:52:09 - pcap.breakloop()
2018-04-10 02:52:09 - pcap.breakloop()
2018-04-10 02:52:09 - pcap.breakloop()
2018-04-10 02:52:09 - pcap.breakloop()
2018-04-10 02:52:09 - pcap.breakloop()
2018-04-10 02:52:09 - pcap.breakloop()
2018-04-10 02:52:09 - pcap.breakloop()
2018-04-10 02:52:09 - pcap.breakloop()
2018-04-10 02:52:09 - pcap.breakloop()
2018-04-10 02:52:09 - pcap.breakloop()
2018-04-10 02:52:09 - pcap.breakloop()
2018-04-10 02:52:09 - pcap.breakloop()
2018-04-10 02:52:09 - pcap.breakloop()
2018-04-10 02:52:09 - pcap.breakloop()
2018-04-10 02:52:09 - pcap.breakloop()
2018-04-10 02:52:09 - pcap.breakloop()
2018-04-10 02:52:09 - pcap.breakloop()
2018-04-10 02:52:09 - pcap.breakloop()
2018-04-10 02:52:09 - pcap.breakloop()
2018-04-10 02:52:09 - pcap.breakloop()
2018-04-10 02:52:09 - pcap.breakloop()
2018-04-10 02:52:09 - pcap.breakloop()
2018-04-10 02:52:09 - pcap.breakloop()
2018-04-10 02:52:09 - pcap.breakloop()
2018-04-10 02:52:09 - pcap.breakloop()
2018-04-10 02:52:09 - pcap.breakloop()
2018-04-10 02:52:09 - pcap.breakloop()
2018-04-10 02:52:09 - pcap.breakloop()
2018-04-10 02:52:09 - pcap.breakloop()
2018-04-10 02:52:09 - pcap.breakloop()
2018-04-10 02:52:09 - pcap.breakloop()
2018-04-10 02:52:09 - pcap.breakloop()
2018-04-10 02:52:09 - pcap.breakloop()
2018-04-10 02:52:09 - pcap.breakloop()
2018-04-10 02:52:09 - pcap.breakloop()
2018-04-10 02:52:09 - pcap.breakloop()
2018-04-10 02:52:09 - pcap.breakloop()
2018-04-10 02:52:09 - pcap.breakloop()
2018-04-10 02:52:09 - pcap.breakloop()
2018-04-10 02:52:09 - pcap.breakloop()
2018-04-10 02:52:09 - pcap.breakloop()
2018-04-10 02:52:09 - pcap.breakloop()
2018-04-10 02:52:09 - pcap.breakloop()
2018-04-10 02:52:09 - pcap.breakloop()
2018-04-10 02:52:09 - pcap.breakloop()
2018-04-10 02:52:09 - pcap.breakloop()
2018-04-10 02:52:09 - pcap.breakloop()
2018-04-10 02:52:09 - pcap.breakloop()
2018-04-10 02:52:09 - pcap.breakloop()
2018-04-10 02:52:09 - pcap.breakloop()
2018-04-10 02:52:09 - pcap.breakloop()
2018-04-10 02:52:09 - pcap.breakloop()
2018-04-10 02:52:09 - pcap.breakloop()
2018-04-10 02:52:09 - pcap.breakloop()
2018-04-10 02:52:09 - pcap.breakloop()
2018-04-10 02:52:09 - pcap.breakloop()
2018-04-10 02:52:09 - pcap.breakloop()
2018-04-10 02:52:09 - pcap.breakloop()
2018-04-10 02:52:09 - pcap.breakloop()
2018-04-10 02:52:09 - pcap.breakloop()
2018-04-10 02:52:09 - pcap.breakloop()
2018-04-10 02:52:09 - pcap.breakloop()
2018-04-10 02:52:09 - pcap.breakloop()
2018-04-10 02:52:09 - pcap.breakloop()
2018-04-10 02:52:09 - pcap.breakloop()
2018-04-10 02:52:09 - pcap.breakloop()
2018-04-10 02:52:09 - pcap.breakloop()
2018-04-10 02:52:09 - pcap.breakloop()
2018-04-10 02:52:09 - pcap.breakloop()
2018-04-10 02:52:09 - pcap.breakloop()
2018-04-10 02:52:09 - pcap.breakloop()
2018-04-10 02:52:09 - pcap.breakloop()
2018-04-10 02:52:09 - pcap.breakloop()
2018-04-10 02:52:09 - pcap.breakloop()
2018-04-10 02:52:09 - pcap.breakloop()
2018-04-10 02:52:09 - pcap.breakloop()
2018-04-10 02:52:09 - pcap.breakloop()
2018-04-10 02:52:09 - pcap.breakloop()
2018-04-10 02:52:09 - pcap.breakloop()
2018-04-10 02:52:09 - pcap.breakloop()
2018-04-10 02:52:09 - pcap.breakloop()
2018-04-10 02:52:09 - pcap.breakloop()
2018-04-10 02:52:09 - pcap.breakloop()
2018-04-10 02:52:09 - pcap.breakloop()
2018-04-10 02:52:09 - pcap.breakloop()
2018-04-10 02:52:09 - pcap.breakloop()
2018-04-10 02:52:09 - pcap.breakloop()
2018-04-10 02:52:09 - pcap.breakloop()
2018-04-10 02:52:09 - pcap.breakloop()
2018-04-10 02:52:09 - pcap.breakloop()
2018-04-10 02:52:09 - pcap.breakloop()
2018-04-10 02:52:09 - pcap.breakloop()
2018-04-10 02:52:09 - pcap.breakloop()
2018-04-10 02:52:09 - pcap.breakloop()
2018-04-10 02:52:09 - pcap.breakloop()
2018-04-10 02:52:09 - pcap.breakloop()
2018-04-10 02:52:09 - pcap.breakloop()
2018-04-10 02:52:09 - pcap.breakloop()
2018-04-10 02:52:09 - pcap.breakloop()
2018-04-10 02:52:09 - pcap.breakloop()
2018-04-10 02:52:09 - pcap.breakloop()
2018-04-10 02:52:09 - pcap.breakloop()
2018-04-10 02:52:09 - pcap.breakloop()
2018-04-10 02:52:09 - pcap.breakloop()
2018-04-10 02:52:09 - pcap.breakloop()
2018-04-10 02:52:09 - pcap.breakloop()
2018-04-10 02:52:09 - pcap.breakloop()
2018-04-10 02:52:09 - pcap.breakloop()
2018-04-10 02:52:09 - pcap.breakloop()
2018-04-10 02:52:09 - pcap.breakloop()
2018-04-10 02:52:09 - pcap.breakloop()
2018-04-10 02:52:09 - pcap.breakloop()
2018-04-10 02:52:09 - pcap.breakloop()
2018-04-10 02:52:09 - pcap.breakloop()
2018-04-10 02:52:09 - pcap.breakloop()
2018-04-10 02:52:09 - pcap.breakloop()
2018-04-10 02:52:09 - pcap.breakloop()
2018-04-10 02:52:09 - pcap.breakloop()
2018-04-10 02:52:09 - pcap.breakloop()
2018-04-10 02:52:09 - pcap.breakloop()
2018-04-10 02:52:09 - pcap.breakloop()
2018-04-10 02:52:09 - pcap.breakloop()
2018-04-10 02:52:09 - pcap.breakloop()
2018-04-10 02:52:09 - pcap.breakloop()
2018-04-10 02:52:09 - pcap.breakloop()
2018-04-10 02:52:09 - pcap.breakloop()
2018-04-10 02:52:09 - pcap.breakloop()
2018-04-10 02:52:09 - pcap.breakloop()
2018-04-10 02:52:09 - pcap.breakloop()
2018-04-10 02:52:09 - pcap.breakloop()
2018-04-10 02:52:09 - pcap.breakloop()
2018-04-10 02:52:09 - pcap.breakloop()
2018-04-10 02:52:09 - pcap.breakloop()
2018-04-10 02:52:09 - pcap.breakloop()
2018-04-10 02:52:09 - pcap.breakloop()
2018-04-10 02:52:09 - pcap.breakloop()
2018-04-10 02:52:09 - pcap.breakloop()
2018-04-10 02:52:09 - pcap.breakloop()
2018-04-10 02:52:09 - pcap.breakloop()
2018-04-10 02:52:09 - pcap.breakloop()
2018-04-10 02:52:09 - pcap.breakloop()
2018-04-10 02:52:09 - pcap.breakloop()
2018-04-10 02:52:09 - pcap.breakloop()
2018-04-10 02:52:09 - pcap.breakloop()
2018-04-10 02:52:09 - pcap.breakloop()
2018-04-10 02:52:09 - pcap.breakloop()
2018-04-10 02:52:09 - pcap.breakloop()
2018-04-10 02:52:09 - pcap.breakloop()
2018-04-10 02:52:09 - pcap.breakloop()
2018-04-10 02:52:09 - pcap.breakloop()
2018-04-10 02:52:09 - pcap.breakloop()
2018-04-10 02:52:09 - pcap.breakloop()
2018-04-10 02:52:09 - pcap.breakloop()
2018-04-10 02:52:09 - pcap.breakloop()
2018-04-10 02:52:09 - pcap.breakloop()
2018-04-10 02:52:09 - pcap.breakloop()
2018-04-10 02:52:09 - pcap.breakloop()
2018-04-10 02:52:09 - pcap.breakloop()
2018-04-10 02:52:09 - pcap.breakloop()
2018-04-10 02:52:09 - pcap.breakloop()
2018-04-10 02:52:09 - pcap.breakloop()
2018-04-10 02:52:09 - pcap.breakloop()
2018-04-10 02:52:09 - pcap.breakloop()
2018-04-10 02:52:09 - pcap.breakloop()
2018-04-10 02:52:09 - pcap.breakloop()
2018-04-10 02:52:09 - pcap.breakloop()
2018-04-10 02:52:09 - pcap.breakloop()
2018-04-10 02:52:09 - pcap.breakloop()
2018-04-10 02:52:09 - pcap.breakloop()
2018-04-10 02:52:09 - pcap.breakloop()
2018-04-10 02:52:09 - pcap.breakloop()
2018-04-10 02:52:09 - pcap.breakloop()
2018-04-10 02:52:09 - pcap.breakloop()
2018-04-10 02:52:09 - pcap.breakloop()
2018-04-10 02:52:09 - pcap.breakloop()
2018-04-10 02:52:09 - pcap.breakloop()
2018-04-10 02:52:09 - pcap.breakloop()
2018-04-10 02:52:09 - pcap.breakloop()
2018-04-10 02:52:09 - pcap.breakloop()
2018-04-10 02:52:09 - pcap.breakloop()
2018-04-10 02:52:09 - pcap.breakloop()
2018-04-10 02:52:09 - pcap.breakloop()
2018-04-10 02:52:09 - pcap.breakloop()
2018-04-10 02:52:09 - pcap.breakloop()
2018-04-10 02:52:09 - pcap.breakloop()
2018-04-10 02:52:09 - pcap.breakloop()
2018-04-10 02:52:09 - pcap.breakloop()
2018-04-10 02:52:09 - pcap.breakloop()
2018-04-10 02:52:09 - pcap.breakloop()
2018-04-10 02:52:09 - pcap.breakloop()
2018-04-10 02:52:09 - pcap.breakloop()
2018-04-10 02:52:09 - pcap.breakloop()
2018-04-10 02:52:09 - pcap.breakloop()
2018-04-10 02:52:09 - pcap.breakloop()
2018-04-10 02:52:09 - pcap.breakloop()
2018-04-10 02:52:09 - pcap.breakloop()
2018-04-10 02:52:09 - pcap.breakloop()
2018-04-10 02:52:09 - pcap.breakloop()
2018-04-10 02:52:09 - pcap.breakloop()
2018-04-10 02:52:09 - pcap.breakloop()
2018-04-10 02:52:09 - pcap.breakloop()
2018-04-10 02:52:09 - pcap.breakloop()
2018-04-10 02:52:09 - pcap.breakloop()
2018-04-10 02:52:09 - pcap.breakloop()
2018-04-10 02:52:09 - pcap.breakloop()
2018-04-10 02:52:09 - pcap.breakloop()
2018-04-10 02:52:09 - pcap.breakloop()
2018-04-10 02:52:09 - pcap.breakloop()
2018-04-10 02:52:09 - pcap.breakloop()
2018-04-10 02:52:09 - pcap.breakloop()
2018-04-10 02:52:09 - pcap.breakloop()
2018-04-10 02:52:09 - pcap.breakloop()
2018-04-10 02:52:09 - pcap.breakloop()
2018-04-10 02:52:09 - pcap.breakloop()
2018-04-10 02:52:09 - pcap.breakloop()
2018-04-10 02:52:09 - pcap.breakloop()
2018-04-10 02:52:09 - Pcap stop:-2
2018-04-10 20:05:39 - Pcap is listening...
2018-04-10 20:06:24 - fetch 4 flows
2018-04-10 20:07:24 - fetch 3 flows
2018-04-10 20:08:24 - fetch 31 flows
2018-04-10 20:09:24 - fetch 27 flows
2018-04-10 20:10:24 - fetch 12 flows
2018-04-10 20:11:24 - fetch 6 flows
2018-04-10 20:12:24 - fetch 9 flows
2018-04-10 20:13:24 - fetch 1 flows
2018-04-10 20:13:44 - fetch 4 flows
2018-04-10 20:14:44 - fetch 8 flows
2018-04-10 20:15:44 - fetch 5 flows
2018-04-10 20:16:44 - fetch 3 flows
2018-04-10 20:17:44 - fetch 6 flows
2018-04-10 20:18:44 - fetch 4 flows
2018-04-10 20:19:44 - fetch 7 flows
2018-04-10 20:20:44 - fetch 4 flows
2018-04-10 20:21:44 - fetch 4 flows
2018-04-10 20:22:44 - fetch 7 flows
2018-04-10 20:23:44 - fetch 7 flows
2018-04-10 20:24:44 - fetch 8 flows
2018-04-10 20:25:44 - fetch 5 flows
2018-04-10 20:26:44 - fetch 2 flows
2018-04-10 20:28:04 - fetch 3 flows
2018-04-10 20:29:04 - fetch 7 flows
2018-04-10 20:30:04 - fetch 7 flows
2018-04-10 20:31:04 - fetch 4 flows
2018-04-10 20:32:04 - fetch 1 flows
2018-04-10 20:32:44 - fetch 6 flows
2018-04-10 20:33:44 - fetch 3 flows
2018-04-10 20:34:44 - fetch 7 flows
2018-04-10 20:36:04 - fetch 4 flows
2018-04-10 20:37:04 - fetch 5 flows
2018-04-10 20:38:04 - fetch 3 flows
2018-04-10 20:39:04 - fetch 9 flows
2018-04-10 20:40:04 - fetch 3 flows
2018-04-10 20:41:04 - fetch 7 flows
2018-04-10 20:42:04 - fetch 1 flows
2018-04-10 20:43:04 - fetch 6 flows
2018-04-10 20:44:04 - fetch 6 flows
2018-04-10 20:45:04 - fetch 14 flows
2018-04-10 20:46:04 - fetch 4 flows
2018-04-10 20:47:04 - fetch 4 flows
2018-04-10 20:48:04 - fetch 8 flows
2018-04-10 20:49:04 - fetch 4 flows
2018-04-10 22:42:12 - Pcap is listening...
2018-04-10 22:42:36 - fetch 3 flows
2018-04-10 22:43:36 - fetch 2 flows
2018-04-10 22:43:43 - Working on... /home/robinlin/Desktop/jjj.pcap
2018-04-10 22:43:43 - We have read All packets!
2018-04-10 22:44:36 - fetch 18 flows
2018-04-10 22:45:36 - fetch 10 flows
2018-04-10 22:45:57 - fetch 1 flows
